
Showing logs for build [32mmeta-nervosnetwork-muta-pr-315-n65s8-1[0m stage [32mmeta-pipeline[0m and container [32mstep-credential-initializer-mbjzh[0m
{"level":"info","ts":1593789469.9783707,"logger":"fallback-logger","caller":"logging/config.go:69","msg":"Fetch GitHub commit ID from kodata failed: open /var/run/ko/refs/heads/0.8.0-ns-support: no such file or directory"}
{"level":"info","ts":1593789469.9786012,"logger":"fallback-logger","caller":"creds-init/main.go:40","msg":"Credentials initialized."}

Showing logs for build [32mmeta-nervosnetwork-muta-pr-315-n65s8-1[0m stage [32mmeta-pipeline[0m and container [32mstep-working-dir-initializer-r7jgq[0m
{"level":"info","ts":1593789471.2496402,"logger":"fallback-logger","caller":"logging/config.go:69","msg":"Fetch GitHub commit ID from kodata failed: open /var/run/ko/HEAD: no such file or directory"}
{"level":"info","ts":1593789471.2502284,"logger":"fallback-logger","caller":"bash/main.go:64","msg":"Successfully executed command \"sh -c mkdir -p /workspace/source\"; output "}

Showing logs for build [32mmeta-nervosnetwork-muta-pr-315-n65s8-1[0m stage [32mmeta-pipeline[0m and container [32mstep-place-tools[0m

Showing logs for build [32mmeta-nervosnetwork-muta-pr-315-n65s8-1[0m stage [32mmeta-pipeline[0m and container [32mstep-git-source-meta-nervosnetwork-muta-pr-315-n65s8-fvhhj[0m
{"level":"info","ts":1593789475.3128228,"logger":"fallback-logger","caller":"logging/config.go:69","msg":"Fetch GitHub commit ID from kodata failed: open /var/run/ko/refs/heads/0.8.0-ns-support: no such file or directory"}
{"level":"info","ts":1593789477.7630126,"logger":"fallback-logger","caller":"git/git.go:103","msg":"Successfully cloned https://github.com/nervosnetwork/muta.git @ a91520041b0db1111811ea794113ea3bda75a205 in path /workspace/source"}

Showing logs for build [32mmeta-nervosnetwork-muta-pr-315-n65s8-1[0m stage [32mmeta-pipeline[0m and container [32mstep-setup-builder-home[0m

Showing logs for build [32mmeta-nervosnetwork-muta-pr-315-n65s8-1[0m stage [32mmeta-pipeline[0m and container [32mstep-git-merge[0m
Using SHAs from PULL_REFS=master:a91520041b0db1111811ea794113ea3bda75a205,315:03d1cc0b92f234149aea9c0915cf63f06835490a
DEBUG: LC_ALL=C JX_LOG_LEVEL=error git fetch origin --unshallow 03d1cc0b92f234149aea9c0915cf63f06835490a: a91520041b0db1111811ea794113ea3bda75a205:
DEBUG: ran git fetch --unshallow origin 03d1cc0b92f234149aea9c0915cf63f06835490a: a91520041b0db1111811ea794113ea3bda75a205: in 
DEBUG: LC_ALL=C JX_LOG_LEVEL=error git branch
DEBUG: JX_LOG_LEVEL=error LC_ALL=C git checkout master
DEBUG: ran git checkout master in 
DEBUG: LC_ALL=C JX_LOG_LEVEL=error git reset --hard a91520041b0db1111811ea794113ea3bda75a205
DEBUG: ran git reset --hard a91520041b0db1111811ea794113ea3bda75a205 in 
DEBUG: LC_ALL=C JX_LOG_LEVEL=error git clean -fd .
DEBUG: ran clean --force -d . in 
DEBUG: LC_ALL=C JX_LOG_LEVEL=error git merge 03d1cc0b92f234149aea9c0915cf63f06835490a
DEBUG: ran git merge 03d1cc0b92f234149aea9c0915cf63f06835490a in 
DEBUG: LC_ALL=C JX_LOG_LEVEL=error git log --format=%H%x1f%an%x1f%ae%x1f%cn%x1f%ce%x1f%s%n%b%x1e a91520041b0db1111811ea794113ea3bda75a205..HEAD
Merged SHA 03d1cc0b92f234149aea9c0915cf63f06835490a with commit message 'feat(api): Allow returns None' into base branch master

Showing logs for build [32mmeta-nervosnetwork-muta-pr-315-n65s8-1[0m stage [32mmeta-pipeline[0m and container [32mstep-merge-pull-refs[0m
DEBUG: LC_ALL=C JX_LOG_LEVEL=error git fetch origin --unshallow 03d1cc0b92f234149aea9c0915cf63f06835490a: a91520041b0db1111811ea794113ea3bda75a205:
DEBUG: LC_ALL=C JX_LOG_LEVEL=error git fetch origin 03d1cc0b92f234149aea9c0915cf63f06835490a: a91520041b0db1111811ea794113ea3bda75a205:
DEBUG: ran git fetch origin 03d1cc0b92f234149aea9c0915cf63f06835490a: a91520041b0db1111811ea794113ea3bda75a205: in 
DEBUG: JX_LOG_LEVEL=error LC_ALL=C git rev-parse --is-shallow-repository
DEBUG: Unshallowed git repo in 
DEBUG: LC_ALL=C JX_LOG_LEVEL=error git branch
DEBUG: LC_ALL=C JX_LOG_LEVEL=error git checkout master
DEBUG: ran git checkout master in 
DEBUG: LC_ALL=C JX_LOG_LEVEL=error git reset --hard a91520041b0db1111811ea794113ea3bda75a205
DEBUG: ran git reset --hard a91520041b0db1111811ea794113ea3bda75a205 in 
DEBUG: LC_ALL=C JX_LOG_LEVEL=error git clean -fd .
DEBUG: ran clean --force -d . in 
DEBUG: LC_ALL=C JX_LOG_LEVEL=error git merge 03d1cc0b92f234149aea9c0915cf63f06835490a
DEBUG: ran git merge 03d1cc0b92f234149aea9c0915cf63f06835490a in 
DEBUG: LC_ALL=C JX_LOG_LEVEL=error git log --format=%H%x1f%an%x1f%ae%x1f%cn%x1f%ce%x1f%s%n%b%x1e a91520041b0db1111811ea794113ea3bda75a205..HEAD
Merged SHA 03d1cc0b92f234149aea9c0915cf63f06835490a with commit message 'feat(api): Allow returns None' into base branch master

Showing logs for build [32mmeta-nervosnetwork-muta-pr-315-n65s8-1[0m stage [32mmeta-pipeline[0m and container [32mstep-create-effective-pipeline[0m
error: failed to create effective pipeline for pull request: validation failed for Pipeline: No agent specified for stage or for its parent(s): stages[0].agent
[31m
Pipeline failed on stage 'meta-pipeline' : container 'step-create-effective-pipeline'. The execution of the pipeline has stopped.[0m
