
Showing logs for build [32mmeta-nervosnetwork-muta-pr-336-wvcfk-2[0m stage [32mmeta-pipeline[0m and container [32mstep-credential-initializer-8gmgv[0m
{"level":"info","ts":1593790220.4608626,"logger":"fallback-logger","caller":"logging/config.go:69","msg":"Fetch GitHub commit ID from kodata failed: open /var/run/ko/refs/heads/0.8.0-ns-support: no such file or directory"}
{"level":"info","ts":1593790220.4611669,"logger":"fallback-logger","caller":"creds-init/main.go:40","msg":"Credentials initialized."}

Showing logs for build [32mmeta-nervosnetwork-muta-pr-336-wvcfk-2[0m stage [32mmeta-pipeline[0m and container [32mstep-working-dir-initializer-cbxc4[0m
{"level":"info","ts":1593790221.5292468,"logger":"fallback-logger","caller":"logging/config.go:69","msg":"Fetch GitHub commit ID from kodata failed: open /var/run/ko/HEAD: no such file or directory"}
{"level":"info","ts":1593790221.5298855,"logger":"fallback-logger","caller":"bash/main.go:64","msg":"Successfully executed command \"sh -c mkdir -p /workspace/source\"; output "}

Showing logs for build [32mmeta-nervosnetwork-muta-pr-336-wvcfk-2[0m stage [32mmeta-pipeline[0m and container [32mstep-place-tools[0m

Showing logs for build [32mmeta-nervosnetwork-muta-pr-336-wvcfk-2[0m stage [32mmeta-pipeline[0m and container [32mstep-git-source-meta-nervosnetwork-muta-pr-336-wvcfk-7sd65[0m
{"level":"info","ts":1593790231.0191798,"logger":"fallback-logger","caller":"logging/config.go:69","msg":"Fetch GitHub commit ID from kodata failed: open /var/run/ko/refs/heads/0.8.0-ns-support: no such file or directory"}
{"level":"info","ts":1593790233.2690864,"logger":"fallback-logger","caller":"git/git.go:103","msg":"Successfully cloned https://github.com/nervosnetwork/muta.git @ a91520041b0db1111811ea794113ea3bda75a205 in path /workspace/source"}

Showing logs for build [32mmeta-nervosnetwork-muta-pr-336-wvcfk-2[0m stage [32mmeta-pipeline[0m and container [32mstep-setup-builder-home[0m

Showing logs for build [32mmeta-nervosnetwork-muta-pr-336-wvcfk-2[0m stage [32mmeta-pipeline[0m and container [32mstep-git-merge[0m
Using SHAs from PULL_REFS=master:a91520041b0db1111811ea794113ea3bda75a205,336:b931d46ffae6a173b5734489b2937e75f9bf68a4
DEBUG: LC_ALL=C JX_LOG_LEVEL=error git fetch origin --unshallow b931d46ffae6a173b5734489b2937e75f9bf68a4: a91520041b0db1111811ea794113ea3bda75a205:
DEBUG: ran git fetch --unshallow origin b931d46ffae6a173b5734489b2937e75f9bf68a4: a91520041b0db1111811ea794113ea3bda75a205: in 
DEBUG: LC_ALL=C JX_LOG_LEVEL=error git branch
DEBUG: LC_ALL=C JX_LOG_LEVEL=error git checkout master
DEBUG: ran git checkout master in 
DEBUG: LC_ALL=C JX_LOG_LEVEL=error git reset --hard a91520041b0db1111811ea794113ea3bda75a205
DEBUG: ran git reset --hard a91520041b0db1111811ea794113ea3bda75a205 in 
DEBUG: LC_ALL=C JX_LOG_LEVEL=error git clean -fd .
DEBUG: ran clean --force -d . in 
DEBUG: JX_LOG_LEVEL=error LC_ALL=C git merge b931d46ffae6a173b5734489b2937e75f9bf68a4
DEBUG: ran git merge b931d46ffae6a173b5734489b2937e75f9bf68a4 in 
DEBUG: LC_ALL=C JX_LOG_LEVEL=error git log --format=%H%x1f%an%x1f%ae%x1f%cn%x1f%ce%x1f%s%n%b%x1e a91520041b0db1111811ea794113ea3bda75a205..HEAD
Merged SHA b931d46ffae6a173b5734489b2937e75f9bf68a4 with commit message 'parallel' into base branch master
Merged SHA 5be613d04cfabc84d20ca5f4d5c77e08c4f46c94 with commit message 'fix ci test' into base branch master

Showing logs for build [32mmeta-nervosnetwork-muta-pr-336-wvcfk-2[0m stage [32mmeta-pipeline[0m and container [32mstep-merge-pull-refs[0m
DEBUG: LC_ALL=C JX_LOG_LEVEL=error git fetch origin --unshallow b931d46ffae6a173b5734489b2937e75f9bf68a4: a91520041b0db1111811ea794113ea3bda75a205:
DEBUG: LC_ALL=C JX_LOG_LEVEL=error git fetch origin b931d46ffae6a173b5734489b2937e75f9bf68a4: a91520041b0db1111811ea794113ea3bda75a205:
DEBUG: ran git fetch origin b931d46ffae6a173b5734489b2937e75f9bf68a4: a91520041b0db1111811ea794113ea3bda75a205: in 
DEBUG: JX_LOG_LEVEL=error LC_ALL=C git rev-parse --is-shallow-repository
DEBUG: Unshallowed git repo in 
DEBUG: JX_LOG_LEVEL=error LC_ALL=C git branch
DEBUG: LC_ALL=C JX_LOG_LEVEL=error git checkout master
DEBUG: ran git checkout master in 
DEBUG: LC_ALL=C JX_LOG_LEVEL=error git reset --hard a91520041b0db1111811ea794113ea3bda75a205
DEBUG: ran git reset --hard a91520041b0db1111811ea794113ea3bda75a205 in 
DEBUG: LC_ALL=C JX_LOG_LEVEL=error git clean -fd .
DEBUG: ran clean --force -d . in 
DEBUG: LC_ALL=C JX_LOG_LEVEL=error git merge b931d46ffae6a173b5734489b2937e75f9bf68a4
DEBUG: ran git merge b931d46ffae6a173b5734489b2937e75f9bf68a4 in 
DEBUG: LC_ALL=C JX_LOG_LEVEL=error git log --format=%H%x1f%an%x1f%ae%x1f%cn%x1f%ce%x1f%s%n%b%x1e a91520041b0db1111811ea794113ea3bda75a205..HEAD
Merged SHA b931d46ffae6a173b5734489b2937e75f9bf68a4 with commit message 'parallel' into base branch master
Merged SHA 5be613d04cfabc84d20ca5f4d5c77e08c4f46c94 with commit message 'fix ci test' into base branch master

Showing logs for build [32mmeta-nervosnetwork-muta-pr-336-wvcfk-2[0m stage [32mmeta-pipeline[0m and container [32mstep-create-effective-pipeline[0m
error: failed to load project config in dir /workspace/source: Validation failures in YAML file /workspace/source/jenkins-x.yml:
pipelineConfig.pipelines.pullRequest.pipeline: Additional property parallel is not allowed
[31m
Pipeline failed on stage 'meta-pipeline' : container 'step-create-effective-pipeline'. The execution of the pipeline has stopped.[0m
