
Showing logs for build [32mnervosnetwork-muta-pr-336-e2e-xrq6s-22[0m stage [32mcargo-e2e[0m and container [32mstep-credential-initializer-m2lj5[0m
{"level":"info","ts":1594005628.16638,"logger":"fallback-logger","caller":"logging/config.go:69","msg":"Fetch GitHub commit ID from kodata failed: open /var/run/ko/refs/heads/0.8.0-ns-support: no such file or directory"}
{"level":"info","ts":1594005628.1666133,"logger":"fallback-logger","caller":"creds-init/main.go:40","msg":"Credentials initialized."}

Showing logs for build [32mnervosnetwork-muta-pr-336-e2e-xrq6s-22[0m stage [32mcargo-e2e[0m and container [32mstep-working-dir-initializer-d242m[0m
{"level":"info","ts":1594005629.0664191,"logger":"fallback-logger","caller":"logging/config.go:69","msg":"Fetch GitHub commit ID from kodata failed: open /var/run/ko/HEAD: no such file or directory"}
{"level":"info","ts":1594005629.067004,"logger":"fallback-logger","caller":"bash/main.go:64","msg":"Successfully executed command \"sh -c mkdir -p /workspace/source\"; output "}

Showing logs for build [32mnervosnetwork-muta-pr-336-e2e-xrq6s-22[0m stage [32mcargo-e2e[0m and container [32mstep-place-tools[0m

Showing logs for build [32mnervosnetwork-muta-pr-336-e2e-xrq6s-22[0m stage [32mcargo-e2e[0m and container [32mstep-git-source-nervosnetwork-muta-pr-336-e2e-xrq6s-74hv9[0m
{"level":"info","ts":1594005632.0806363,"logger":"fallback-logger","caller":"logging/config.go:69","msg":"Fetch GitHub commit ID from kodata failed: open /var/run/ko/refs/heads/0.8.0-ns-support: no such file or directory"}
{"level":"info","ts":1594005634.3442152,"logger":"fallback-logger","caller":"git/git.go:103","msg":"Successfully cloned https://github.com/nervosnetwork/muta.git @ master in path /workspace/source"}

Showing logs for build [32mnervosnetwork-muta-pr-336-e2e-xrq6s-22[0m stage [32mcargo-e2e[0m and container [32mstep-setup-builder-home[0m

Showing logs for build [32mnervosnetwork-muta-pr-336-e2e-xrq6s-22[0m stage [32mcargo-e2e[0m and container [32mstep-git-merge[0m
Using SHAs from PULL_REFS=master:7251f16d24a71de1c3981299ba2ed9fa10b3adba,336:7587b7b7aaad3bf53a573d9d1ff9edd8e84b294a
DEBUG: LC_ALL=C JX_LOG_LEVEL=error git fetch origin --unshallow 7587b7b7aaad3bf53a573d9d1ff9edd8e84b294a: 7251f16d24a71de1c3981299ba2ed9fa10b3adba:
DEBUG: ran git fetch --unshallow origin 7587b7b7aaad3bf53a573d9d1ff9edd8e84b294a: 7251f16d24a71de1c3981299ba2ed9fa10b3adba: in 
DEBUG: LC_ALL=C JX_LOG_LEVEL=error git branch
DEBUG: LC_ALL=C JX_LOG_LEVEL=error git checkout master
DEBUG: ran git checkout master in 
DEBUG: LC_ALL=C JX_LOG_LEVEL=error git reset --hard 7251f16d24a71de1c3981299ba2ed9fa10b3adba
DEBUG: ran git reset --hard 7251f16d24a71de1c3981299ba2ed9fa10b3adba in 
DEBUG: JX_LOG_LEVEL=error LC_ALL=C git clean -fd .
DEBUG: ran clean --force -d . in 
DEBUG: LC_ALL=C JX_LOG_LEVEL=error git merge 7587b7b7aaad3bf53a573d9d1ff9edd8e84b294a
DEBUG: ran git merge 7587b7b7aaad3bf53a573d9d1ff9edd8e84b294a in 
DEBUG: LC_ALL=C JX_LOG_LEVEL=error git log --format=%H%x1f%an%x1f%ae%x1f%cn%x1f%ce%x1f%s%n%b%x1e 7251f16d24a71de1c3981299ba2ed9fa10b3adba..HEAD
Merged SHA 7587b7b7aaad3bf53a573d9d1ff9edd8e84b294a with commit message 'e2e test' into base branch master
Merged SHA 9a815bfbc7997642e9b59806350fa770d185f5ee with commit message 'update' into base branch master
Merged SHA 2cf9933051687952c9df6f37a5d656996bc3bed1 with commit message 'update' into base branch master
Merged SHA 4fd251b54c31a5398d20bb44bf8acb3ee94f3f21 with commit message 'update' into base branch master
Merged SHA 7a193b854fa42c713ac76045b68c002ab6421015 with commit message 'update' into base branch master
Merged SHA 8a34de86b94e6cf537e567577dd5a0e825fb38f2 with commit message 'parallel' into base branch master
Merged SHA 0e1a1822c451a1c12f0d4ed3bfac7de3d3f5cf50 with commit message 'fix ci test' into base branch master

Showing logs for build [32mnervosnetwork-muta-pr-336-e2e-xrq6s-22[0m stage [32mcargo-e2e[0m and container [32mstep-step2[0m
cargo build --example muta-chain
info: syncing channel updates for 'nightly-2020-05-14-x86_64-unknown-linux-gnu'
info: latest update on 2020-05-14, rust version 1.45.0-nightly (75e1463c5 2020-05-13)
info: downloading component 'cargo'
info: downloading component 'clippy'
info: downloading component 'rust-docs'
info: downloading component 'rust-std'
info: downloading component 'rustc'
info: downloading component 'rustfmt'
info: installing component 'cargo'
info: installing component 'clippy'
info: installing component 'rust-docs'
info: installing component 'rust-std'
info: installing component 'rustc'
info: installing component 'rustfmt'
    Updating crates.io index
    Updating git repository `https://github.com/graphql-rust/juniper`
    Updating git repository `https://github.com/tikv/rust-prometheus.git`
    Updating git repository `https://github.com/nervosnetwork/overlord`
    Updating git repository `https://github.com/zeroqn/p2p`
 Downloading crates ...
  Downloaded actix-web v2.0.0
  Downloaded cookie v0.12.0
  Downloaded hashbrown v0.3.1
  Downloaded bls_amcl v0.7.0
  Downloaded actix-server v1.0.3
  Downloaded actix-codec v0.2.0
  Downloaded itertools v0.8.2
  Downloaded actix-web-codegen v0.2.2
  Downloaded bs58 v0.3.1
  Downloaded heck v0.3.1
  Downloaded crossbeam-channel v0.4.2
  Downloaded bit-vec v0.6.2
  Downloaded digest v0.8.1
  Downloaded clang-sys v0.29.3
  Downloaded instant v0.1.6
  Downloaded flatbuffers-verifier v0.2.1
  Downloaded http-body v0.1.0
  Downloaded bitflags v1.2.1
  Downloaded cfg-if v0.1.10
  Downloaded arc-swap v0.3.11
  Downloaded h2 v0.1.26
  Downloaded cc v1.0.41
  Downloaded cexpr v0.4.0
  Downloaded addr2line v0.12.2
  Downloaded cita_trie v2.0.0
  Downloaded humantime v1.3.0
  Downloaded either v1.5.3
  Downloaded ethereum-types v0.4.2
  Downloaded adler v0.2.2
  Downloaded crunchy v0.1.6
  Downloaded actix-tls v1.0.0
  Downloaded block-padding v0.1.5
  Downloaded awc v1.0.1
  Downloaded anyhow v1.0.31
  Downloaded cookie_store v0.7.0
  Downloaded env_logger v0.7.1
  Downloaded futures-core v0.3.5
  Downloaded actix-http v1.0.1
  Downloaded actix-router v0.2.4
  Downloaded gimli v0.21.0
  Downloaded futures-channel v0.3.5
  Downloaded async-trait v0.1.36
  Downloaded crossbeam-queue v0.2.3
  Downloaded hyper v0.12.35
  Downloaded futures-sink v0.3.5
  Downloaded fixed-hash v0.2.5
  Downloaded derive_more v0.15.0
  Downloaded futures-task v0.3.5
  Downloaded heapsize v0.4.2
  Downloaded glob v0.3.0
  Downloaded generic-array v0.12.3
  Downloaded futures-timer v3.0.2
  Downloaded fnv v1.0.7
  Downloaded amcl_wrapper v0.2.3
  Downloaded h2 v0.2.5
  Downloaded idna v0.1.5
  Downloaded futures v0.1.29
  Downloaded hex v0.4.2
  Downloaded failure_derive v0.1.8
  Downloaded crossbeam-utils v0.7.2
  Downloaded crossbeam-epoch v0.8.2
  Downloaded indexmap v1.4.0
  Downloaded creep v0.2.2
  Downloaded futures-cpupool v0.1.8
  Downloaded flatbuffers v0.6.1
  Downloaded http v0.1.21
  Downloaded juniper_codegen v0.14.2
  Downloaded idna v0.2.0
  Downloaded futures v0.3.5
  Downloaded crunchy v0.2.2
  Downloaded fxhash v0.2.1
  Downloaded hyper-tls v0.3.2
  Downloaded bytes v0.5.5
  Downloaded futures-util v0.3.5
  Downloaded antidote v1.0.0
  Downloaded futures-io v0.3.5
  Downloaded enum-as-inner v0.3.2
  Downloaded byteorder v1.3.4
  Downloaded adler32 v1.1.0
  Downloaded fake-simd v0.1.2
  Downloaded foreign-types-shared v0.1.1
  Downloaded futures-executor v0.3.5
  Downloaded derive_more v0.99.9
  Downloaded crossbeam-deque v0.7.3
  Downloaded igd v0.9.1
  Downloaded byte-tools v0.3.1
  Downloaded block-buffer v0.7.3
  Downloaded error-chain v0.12.2
  Downloaded clap v2.33.1
  Downloaded actix-service v1.0.5
  Downloaded foreign-types v0.3.2
  Downloaded hostname v0.3.1
  Downloaded actix-testing v1.0.1
  Downloaded autocfg v1.0.0
  Downloaded bytes v0.4.12
  Downloaded base64 v0.11.0
  Downloaded arc-swap v0.4.7
  Downloaded flate2 v1.0.16
  Downloaded dyn-clone v1.0.2
  Downloaded actix-utils v1.0.6
  Downloaded memoffset v0.5.5
  Downloaded futures-timer v2.0.2
  Downloaded chrono v0.4.13
  Downloaded aho-corasick v0.7.13
  Downloaded failure v0.1.8
  Downloaded crc32fast v1.2.0
  Downloaded autocfg v0.1.7
  Downloaded encoding_rs v0.8.23
  Downloaded getrandom v0.1.14
  Downloaded actix-rt v1.1.1
  Downloaded mio v0.6.22
  Downloaded muta-apm-derive v0.1.0-alpha.12
  Downloaded actix-connect v1.0.2
  Downloaded futures-macro v0.3.5
  Downloaded attohttpc v0.4.5
  Downloaded dtoa v0.4.6
  Downloaded nom v5.1.2
  Downloaded brotli2 v0.3.2
  Downloaded bindgen v0.53.3
  Downloaded opaque-debug v0.2.3
  Downloaded mime_guess v2.0.3
  Downloaded itoa v0.4.6
  Downloaded maybe-uninit v2.0.0
  Downloaded hasher v0.1.3
  Downloaded http v0.2.1
  Downloaded ophelia v0.2.0
  Downloaded brotli-sys v0.3.2
  Downloaded peeking_take_while v0.1.2
  Downloaded parking_lot_core v0.5.0
  Downloaded iovec v0.1.4
  Downloaded parking_lot_core v0.7.2
  Downloaded prost-derive v0.6.1
  Downloaded rand v0.4.6
  Downloaded ppv-lite86 v0.2.8
  Downloaded json v0.12.4
  Downloaded quick-error v1.2.3
  Downloaded rand v0.3.23
  Downloaded quote v0.6.13
  Downloaded publicsuffix v1.5.4
  Downloaded rand v0.6.5
  Downloaded proc-macro-error v0.3.4
  Downloaded ophelia-secp256k1 v0.2.0
  Downloaded protobuf v2.15.1
  Downloaded rand_core v0.3.1
  Downloaded miniz_oxide v0.3.7
  Downloaded pin-project-lite v0.1.7
  Downloaded pin-project v0.4.22
  Downloaded rand_pcg v0.1.2
  Downloaded parking_lot v0.11.0
  Downloaded rand_isaac v0.1.1
  Downloaded regex v1.3.9
  Downloaded rand_xorshift v0.1.1
  Downloaded bincode v1.3.1
  Downloaded rayon-core v1.7.1
  Downloaded bytestring v0.1.5
  Downloaded ansi_term v0.11.0
  Downloaded actix-threadpool v0.3.2
  Downloaded actix-macros v0.1.2
  Downloaded copyless v0.1.5
  Downloaded reqwest v0.9.24
  Downloaded atty v0.2.14
  Downloaded rlp v0.4.5
  Downloaded ordered-float v1.1.0
  Downloaded rocksdb v0.14.0
  Downloaded scopeguard v1.1.0
  Downloaded secp256k1 v0.15.5
  Downloaded rustc-demangle v0.1.16
  Downloaded language-tags v0.2.2
  Downloaded libc v0.2.71
  Downloaded libmath v0.1.4
  Downloaded semver-parser v0.7.0
  Downloaded rocksdb v0.12.4
  Downloaded num-traits v0.2.12
  Downloaded pin-utils v0.1.0
  Downloaded serde v1.0.114
  Downloaded lock_api v0.2.0
  Downloaded log-mdc v0.1.0
  Downloaded serde_derive v1.0.114
  Downloaded serde_yaml v0.8.13
  Downloaded lock_api v0.4.0
  Downloaded serde_urlencoded v0.5.5
  Downloaded rustc-hex v2.1.0
  Downloaded lru-cache v0.1.2
  Downloaded log4rs v0.8.3
  Downloaded slab v0.4.2
  Downloaded signal-hook-registry v1.2.0
  Downloaded smallvec v1.4.0
  Downloaded spin v0.5.2
  Downloaded matches v0.1.8
  Downloaded stringreader v0.1.1
  Downloaded strsim v0.8.0
  Downloaded synstructure v0.12.4
  Downloaded synstructure v0.10.2
  Downloaded textwrap v0.11.0
  Downloaded socket2 v0.3.12
  Downloaded thiserror-impl v1.0.20
  Downloaded thread-id v3.3.0
  Downloaded serde_urlencoded v0.6.1
  Downloaded mime v0.3.16
  Downloaded time v0.1.43
  Downloaded linked-hash-map v0.5.3
  Downloaded tokio v0.2.21
  Downloaded muta-codec-derive v0.2.0
  Downloaded percent-encoding v2.1.0
  Downloaded once_cell v1.4.0
  Downloaded net2 v0.2.34
  Downloaded parking_lot v0.9.0
  Downloaded lazycell v1.2.1
  Downloaded syn v1.0.33
  Downloaded string v0.2.1
  Downloaded prime_tools v0.2.2
  Downloaded rand_core v0.5.1
  Downloaded termcolor v1.1.0
  Downloaded tokio-reactor v0.1.12
  Downloaded rand_chacha v0.1.1
  Downloaded tokio-sync v0.1.8
  Downloaded ophelia-hasher v0.2.0
  Downloaded pkg-config v0.3.17
  Downloaded tinyvec v0.3.3
  Downloaded tokio-threadpool v0.1.18
  Downloaded prost v0.6.1
  Downloaded tokio-util v0.2.0
  Downloaded tokio-timer v0.2.13
  Downloaded rand_os v0.1.3
  Downloaded tokio-tcp v0.1.4
  Downloaded tokio-executor v0.1.10
  Downloaded log v0.4.8
  Downloaded ethereum-types-serialize v0.2.2
  Downloaded resolv-conf v0.6.3
  Downloaded rustracing v0.4.0
  Downloaded memchr v2.3.3
  Downloaded match_cfg v0.1.0
  Downloaded tokio-util v0.3.1
  Downloaded toml v0.5.6
  Downloaded openssl v0.10.30
  Downloaded rlp v0.3.0
  Downloaded uint v0.4.1
  Downloaded unicode-normalization v0.1.13
  Downloaded unicase v2.6.0
  Downloaded try_from v0.3.2
  Downloaded librocksdb-sys v6.7.4
  Downloaded keccak v0.1.0
  Downloaded object v0.20.0
  Downloaded rand v0.7.3
  Downloaded proc-macro2 v0.4.30
  Downloaded ryu v1.0.5
  Downloaded secret_sharing v0.1.1
  Downloaded secp256k1-sys v0.1.2
  Downloaded uuid v0.7.4
  Downloaded url v2.1.1
  Downloaded uuid v0.8.1
  Downloaded which v3.1.1
  Downloaded sha3 v0.8.2
  Downloaded xmltree v0.8.0
  Downloaded zeroize v0.9.3
  Downloaded xml-rs v0.7.0
  Downloaded static_merkle_tree v1.1.0
  Downloaded version_check v0.9.2
  Downloaded rand_jitter v0.1.4
  Downloaded rustc_version v0.2.3
  Downloaded quote v1.0.7
  Downloaded serde_json v1.0.56
  Downloaded parking_lot v0.8.0
  Downloaded muta-apm v0.1.0-alpha.15
  Downloaded rayon v1.3.1
  Downloaded thiserror v1.0.20
  Downloaded smallvec v0.6.13
  Downloaded trust-dns-resolver v0.18.0-alpha.2
  Downloaded trackable v0.2.23
  Downloaded tiny-keccak v1.5.0
  Downloaded ring v0.16.12
  Downloaded proc-macro-hack v0.5.16
  Downloaded parking_lot_core v0.8.0
  Downloaded syn v0.15.44
  Downloaded unicode-bidi v0.3.4
  Downloaded unicode-xid v0.2.1
  Downloaded thrift_codec v0.1.1
  Downloaded unicode-width v0.1.8
  Downloaded typemap v0.3.3
  Downloaded tokio-io v0.1.13
  Downloaded tokio-current-thread v0.1.7
  Downloaded tokio v0.1.22
  Downloaded trust-dns-proto v0.18.0-alpha.2
  Downloaded threadpool v1.8.1
  Downloaded thread_local v1.0.1
  Downloaded parking_lot v0.10.2
  Downloaded ophelia-derive v0.2.0
  Downloaded openssl-probe v0.1.2
  Downloaded num_cpus v1.13.0
  Downloaded num-integer v0.1.43
  Downloaded native-tls v0.2.4
  Downloaded serde-value v0.5.3
  Downloaded sha2 v0.8.2
  Downloaded mio-uds v0.6.8
  Downloaded miniz_oxide v0.4.0
  Downloaded unsigned-varint v0.2.3
  Downloaded untrusted v0.7.1
  Downloaded tokio-buf v0.1.1
  Downloaded shlex v0.1.1
  Downloaded sha1 v0.6.0
  Downloaded semver v0.9.0
  Downloaded secp256k1 v0.17.2
  Downloaded proc-macro-error-attr v0.3.4
  Downloaded rustracing_jaeger v0.4.1
  Downloaded rustversion v1.0.3
  Downloaded rustc-hash v1.1.0
  Downloaded tokio-macros v0.2.5
  Downloaded snap v0.2.5
  Downloaded toml v0.4.10
  Downloaded regex-syntax v0.6.18
  Downloaded yaml-rust v0.4.4
  Downloaded rand_hc v0.1.0
  Downloaded typenum v1.12.0
  Downloaded rand_core v0.4.2
  Downloaded rand_chacha v0.2.2
  Downloaded openssl-sys v0.9.58
  Downloaded pin-project-internal v0.4.22
  Downloaded percent-encoding v1.0.1
  Downloaded ophelia-bls-amcl v0.2.0
  Downloaded ethbloom v0.5.3
  Downloaded base64 v0.10.1
  Downloaded proc-macro2 v1.0.18
  Downloaded try-lock v0.2.2
  Downloaded proc-macro-nested v0.1.6
  Downloaded miracl_amcl v3.2.5
  Downloaded lock_api v0.3.4
  Downloaded libloading v0.5.2
  Downloaded parking_lot_core v0.6.2
  Downloaded lazy_static v1.4.0
  Downloaded unicode-xid v0.1.0
  Downloaded vec_map v0.8.2
  Downloaded httparse v1.3.4
  Downloaded backtrace v0.3.49
  Downloaded unicode-segmentation v1.6.0
  Downloaded traitobject v0.1.0
  Downloaded want v0.2.0
  Downloaded url v1.7.2
  Downloaded zeroize_derive v0.9.3
  Downloaded unsafe-any v0.4.2
  Downloaded trackable_derive v0.1.3
  Downloaded rand_pcg v0.2.1
   Compiling libc v0.2.71
   Compiling proc-macro2 v1.0.18
   Compiling cfg-if v0.1.10
   Compiling unicode-xid v0.2.1
   Compiling syn v1.0.33
   Compiling lazy_static v1.4.0
   Compiling autocfg v1.0.0
   Compiling serde_derive v1.0.114
   Compiling serde v1.0.114
   Compiling scopeguard v1.1.0
   Compiling maybe-uninit v2.0.0
   Compiling either v1.5.3
   Compiling log v0.4.8
   Compiling memchr v2.3.3
   Compiling byteorder v1.3.4
   Compiling rayon-core v1.7.1
   Compiling futures v0.1.29
   Compiling slab v0.4.2
   Compiling fnv v1.0.7
   Compiling itoa v0.4.6
   Compiling futures-core v0.3.5
   Compiling futures-sink v0.3.5
   Compiling proc-macro-hack v0.5.16
   Compiling pin-project-internal v0.4.22
   Compiling proc-macro-nested v0.1.6
   Compiling autocfg v0.1.7
   Compiling once_cell v1.4.0
   Compiling rand_core v0.4.2
   Compiling semver-parser v0.7.0
   Compiling pin-utils v0.1.0
   Compiling futures-io v0.3.5
   Compiling bitflags v1.2.1
   Compiling ryu v1.0.5
   Compiling serde_json v1.0.56
   Compiling getrandom v0.1.14
   Compiling smallvec v1.4.0
   Compiling gimli v0.21.0
   Compiling adler32 v1.1.0
   Compiling tinyvec v0.3.3
   Compiling arc-swap v0.4.7
   Compiling matches v0.1.8
   Compiling object v0.20.0
   Compiling rustc-demangle v0.1.16
   Compiling pin-project-lite v0.1.7
   Compiling regex-syntax v0.6.18
   Compiling version_check v0.9.2
   Compiling ppv-lite86 v0.2.8
   Compiling typenum v1.12.0
   Compiling proc-macro2 v0.4.30
   Compiling crunchy v0.2.2
   Compiling percent-encoding v2.1.0
   Compiling heapsize v0.4.2
   Compiling anyhow v1.0.31
   Compiling rustc-hex v2.1.0
   Compiling unicode-xid v0.1.0
   Compiling crunchy v0.1.6
   Compiling syn v0.15.44
   Compiling failure_derive v0.1.8
   Compiling byte-tools v0.3.1
   Compiling quick-error v1.2.3
   Compiling pkg-config v0.3.17
   Compiling opaque-debug v0.2.3
   Compiling dyn-clone v1.0.2
   Compiling match_cfg v0.1.0
   Compiling hashbrown v0.3.1
   Compiling hex v0.4.2
   Compiling json v0.12.4
   Compiling percent-encoding v1.0.1
   Compiling foreign-types-shared v0.1.1
   Compiling openssl v0.10.30
   Compiling spin v0.5.2
   Compiling glob v0.3.0
   Compiling dtoa v0.4.6
   Compiling linked-hash-map v0.5.3
   Compiling crc32fast v1.2.0
   Compiling keccak v0.1.0
   Compiling unicode-width v0.1.8
   Compiling miracl_amcl v3.2.5
   Compiling adler v0.2.2
   Compiling httparse v1.3.4
   Compiling bindgen v0.53.3
   Compiling protobuf v2.15.1
   Compiling termcolor v1.1.0
   Compiling vec_map v0.8.2
   Compiling strsim v0.8.0
   Compiling copyless v0.1.5
   Compiling ansi_term v0.11.0
   Compiling shlex v0.1.1
   Compiling unicode-segmentation v1.6.0
   Compiling rustc-hash v1.1.0
   Compiling lazycell v1.2.1
   Compiling tentacle-secio v0.2.2 (https://github.com/zeroqn/p2p?rev=31db6ad#31db6ad8)
   Compiling prometheus v0.8.0 (https://github.com/tikv/rust-prometheus.git?rev=fd122caa03#fd122caa)
   Compiling fake-simd v0.1.2
   Compiling untrusted v0.7.1
   Compiling unsigned-varint v0.2.3
   Compiling peeking_take_while v0.1.2
   Compiling bs58 v0.3.1
   Compiling encoding_rs v0.8.23
   Compiling mime v0.3.16
   Compiling rustversion v1.0.3
   Compiling instant v0.1.6
   Compiling native-tls v0.2.4
   Compiling try-lock v0.2.2
   Compiling traitobject v0.1.0
   Compiling base64 v0.11.0
   Compiling sha1 v0.6.0
   Compiling openssl-probe v0.1.2
   Compiling language-tags v0.2.2
   Compiling bit-vec v0.6.2
   Compiling arc-swap v0.3.11
   Compiling futures-timer v2.0.2
   Compiling futures-timer v3.0.2
   Compiling antidote v1.0.0
   Compiling log-mdc v0.1.0
   Compiling static_merkle_tree v1.1.0
   Compiling uuid v0.8.1
   Compiling stringreader v0.1.1
   Compiling try_from v0.3.2
   Compiling thread_local v1.0.1
   Compiling lock_api v0.3.4
   Compiling lock_api v0.2.0
   Compiling lock_api v0.4.0
   Compiling itertools v0.8.2
   Compiling futures-channel v0.3.5
   Compiling futures-task v0.3.5
   Compiling rand_core v0.3.1
   Compiling rand_jitter v0.1.4
   Compiling semver v0.9.0
   Compiling crossbeam-utils v0.7.2
   Compiling memoffset v0.5.5
   Compiling crossbeam-epoch v0.8.2
   Compiling rayon v1.3.1
   Compiling num-traits v0.2.12
   Compiling indexmap v1.4.0
   Compiling num-integer v0.1.43
   Compiling miniz_oxide v0.3.7
   Compiling unicode-bidi v0.3.4
   Compiling flatbuffers v0.6.1
   Compiling rand_pcg v0.1.2
   Compiling rand_chacha v0.1.1
   Compiling rand v0.6.5
   Compiling unicode-normalization v0.1.13
   Compiling rlp v0.4.5
   Compiling block-padding v0.1.5
   Compiling humantime v1.3.0
   Compiling nom v5.1.2
   Compiling unicase v2.6.0
   Compiling error-chain v0.12.2
   Compiling creep v0.2.2
   Compiling foreign-types v0.3.2
   Compiling textwrap v0.11.0
   Compiling tokio-sync v0.1.8
   Compiling miniz_oxide v0.4.0
   Compiling lru-cache v0.1.2
   Compiling yaml-rust v0.4.4
   Compiling heck v0.3.1
   Compiling clang-sys v0.29.3
   Compiling unsafe-any v0.4.2
   Compiling rand_isaac v0.1.1
   Compiling rand_hc v0.1.0
   Compiling rand_xorshift v0.1.1
   Compiling rustc_version v0.2.3
   Compiling flatbuffers-verifier v0.2.1
   Compiling addr2line v0.12.2
   Compiling typemap v0.3.3
   Compiling smallvec v0.6.13
   Compiling aho-corasick v0.7.13
   Compiling idna v0.1.5
   Compiling idna v0.2.0
   Compiling xml-rs v0.7.0
   Compiling tiny-keccak v1.5.0
   Compiling fxhash v0.2.1
   Compiling snap v0.2.5
   Compiling base64 v0.10.1
   Compiling quote v1.0.7
   Compiling num_cpus v1.13.0
   Compiling iovec v0.1.4
   Compiling net2 v0.2.34
   Compiling rand_os v0.1.3
   Compiling rand v0.4.6
   Compiling signal-hook-registry v1.2.0
   Compiling parking_lot_core v0.7.2
   Compiling hostname v0.3.1
   Compiling time v0.1.43
   Compiling atty v0.2.14
   Compiling which v3.1.1
   Compiling socket2 v0.3.12
   Compiling parking_lot_core v0.8.0
   Compiling thread-id v3.3.0
   Compiling uint v0.4.1
   Compiling backtrace v0.3.49
   Compiling parking_lot_core v0.5.0
   Compiling parking_lot v0.8.0
   Compiling parking_lot_core v0.6.2
   Compiling parking_lot v0.9.0
   Compiling hyper v0.12.35
   Compiling flate2 v1.0.16
   Compiling quote v0.6.13
   Compiling hasher v0.1.3
   Compiling crossbeam-queue v0.2.3
   Compiling crossbeam-channel v0.4.2
   Compiling tokio-executor v0.1.10
   Compiling url v1.7.2
   Compiling generic-array v0.12.3
   Compiling url v2.1.1
   Compiling bytes v0.4.12
   Compiling xmltree v0.8.0
   Compiling threadpool v1.8.1
   Compiling futures-cpupool v0.1.8
   Compiling regex v1.3.9
   Compiling rand_core v0.5.1
   Compiling resolv-conf v0.6.3
   Compiling clap v2.33.1
   Compiling parking_lot v0.10.2
   Compiling parking_lot v0.11.0
   Compiling fixed-hash v0.2.5
   Compiling rand v0.3.23
   Compiling ordered-float v1.1.0
   Compiling mime_guess v2.0.3
   Compiling tokio-current-thread v0.1.7
   Compiling tokio-timer v0.2.13
   Compiling crossbeam-deque v0.7.3
   Compiling block-buffer v0.7.3
   Compiling digest v0.8.1
   Compiling http v0.1.21
   Compiling tokio-buf v0.1.1
   Compiling string v0.2.1
   Compiling rand_chacha v0.2.2
   Compiling rand_pcg v0.2.1
   Compiling cookie v0.12.0
   Compiling libmath v0.1.4
   Compiling chrono v0.4.13
   Compiling uuid v0.7.4
   Compiling publicsuffix v1.5.4
   Compiling sha3 v0.8.2
   Compiling sha2 v0.8.2
   Compiling prime_tools v0.2.2
   Compiling cexpr v0.4.0
   Compiling rand v0.7.3
   Compiling http-body v0.1.0
   Compiling synstructure v0.10.2
   Compiling derive_more v0.15.0
   Compiling zeroize_derive v0.9.3
   Compiling cc v1.0.41
   Compiling synstructure v0.12.4
   Compiling zeroize v0.9.3
   Compiling openssl-sys v0.9.58
   Compiling libloading v0.5.2
   Compiling secp256k1-sys v0.1.2
   Compiling secp256k1 v0.15.5
   Compiling ring v0.16.12
   Compiling brotli-sys v0.3.2
   Compiling futures-macro v0.3.5
   Compiling tokio-macros v0.2.5
   Compiling derive_more v0.99.9
   Compiling async-trait v0.1.36
   Compiling thiserror-impl v1.0.20
   Compiling prost-derive v0.6.1
   Compiling muta-codec-derive v0.2.0
   Compiling trackable_derive v0.1.3
   Compiling actix-macros v0.1.2
   Compiling ophelia-derive v0.2.0
   Compiling static-metric-proc-macros v0.1.0 (https://github.com/tikv/rust-prometheus.git?rev=fd122caa03#fd122caa)
   Compiling enum-as-inner v0.3.2
   Compiling actix-web-codegen v0.2.2
   Compiling juniper_codegen v0.14.2
   Compiling trackable v0.2.23
   Compiling failure v0.1.8
   Compiling secp256k1 v0.17.2
   Compiling brotli2 v0.3.2
   Compiling thrift_codec v0.1.1
   Compiling rustracing v0.4.0
   Compiling thiserror v1.0.20
   Compiling ophelia-hasher v0.2.0
   Compiling proc-macro-error-attr v0.3.4
   Compiling rustracing_jaeger v0.4.1
   Compiling proc-macro-error v0.3.4
   Compiling juniper_codegen v0.14.2 (https://github.com/graphql-rust/juniper?rev=eff086a#eff086a3)
   Compiling prometheus-static-metric v0.3.0 (https://github.com/tikv/rust-prometheus.git?rev=fd122caa03#fd122caa)
   Compiling pin-project v0.4.22
   Compiling futures-util v0.3.5
   Compiling futures-executor v0.3.5
   Compiling actix-service v1.0.5
   Compiling futures v0.3.5
   Compiling bytes v0.5.5
   Compiling ethereum-types-serialize v0.2.2
   Compiling bincode v1.3.1
   Compiling serde_urlencoded v0.6.1
   Compiling serde-value v0.5.3
   Compiling serde_yaml v0.8.13
   Compiling serde_urlencoded v0.5.5
   Compiling toml v0.4.10
   Compiling toml v0.5.6
   Compiling ethbloom v0.5.3
   Compiling mio v0.6.22
   Compiling actix-threadpool v0.3.2
   Compiling env_logger v0.7.1
   Compiling tokio-io v0.1.13
   Compiling attohttpc v0.4.5
   Compiling tokio-threadpool v0.1.18
   Compiling want v0.2.0
   Compiling ethereum-types v0.4.2
   Compiling prost v0.6.1
   Compiling ophelia v0.2.0
   Compiling http v0.2.1
   Compiling tentacle-multiaddr v0.1.0 (https://github.com/zeroqn/p2p?rev=31db6ad#31db6ad8)
   Compiling bytestring v0.1.5
   Compiling juniper v0.14.2 (https://github.com/graphql-rust/juniper?rev=eff086a#eff086a3)
   Compiling igd v0.9.1
   Compiling h2 v0.1.26
   Compiling ophelia-secp256k1 v0.2.0
   Compiling mio-uds v0.6.8
   Compiling tokio-reactor v0.1.12
   Compiling tokio v0.2.21
   Compiling amcl_wrapper v0.2.3
   Compiling log4rs v0.8.3
   Compiling cookie_store v0.7.0
   Compiling tokio-tcp v0.1.4
   Compiling tokio v0.1.22
   Compiling muta-apm-derive v0.1.0-alpha.12
   Compiling rlp v0.3.0
   Compiling secret_sharing v0.1.1
   Compiling cita_trie v2.0.0
   Compiling bls_amcl v0.7.0
   Compiling muta-protocol v0.1.0-alpha.1 (/workspace/source/protocol)
   Compiling common-logger v0.1.0-alpha.0 (/workspace/source/common/logger)
   Compiling actix-router v0.2.4
   Compiling ophelia-bls-amcl v0.2.0
   Compiling common-crypto v0.1.0-alpha.0 (/workspace/source/common/crypto)
   Compiling muta-apm v0.1.0-alpha.15
   Compiling tokio-util v0.2.0
   Compiling actix-rt v1.1.1
   Compiling trust-dns-proto v0.18.0-alpha.2
   Compiling tokio-util v0.3.1
   Compiling overlord v0.2.0-alpha.13 (https://github.com/nervosnetwork/overlord?rev=f9a5dbe6#f9a5dbe6)
   Compiling common-apm v0.1.0 (/workspace/source/common/apm)
   Compiling common-merkle v0.1.0-alpha.0 (/workspace/source/common/merkle)
   Compiling h2 v0.2.5
   Compiling actix-codec v0.2.0
   Compiling tokio-yamux v0.1.14 (https://github.com/zeroqn/p2p?rev=31db6ad#31db6ad8)
   Compiling hyper-tls v0.3.2
   Compiling actix-utils v1.0.6
   Compiling binding-macro v0.1.0-alpha.0 (/workspace/source/binding-macro)
   Compiling reqwest v0.9.24
   Compiling tentacle v0.2.7 (https://github.com/zeroqn/p2p?rev=31db6ad#31db6ad8)
   Compiling librocksdb-sys v6.7.4
   Compiling trust-dns-resolver v0.18.0-alpha.2
   Compiling actix-server v1.0.3
   Compiling actix-tls v1.0.0
   Compiling actix-testing v1.0.1
   Compiling common-config-parser v0.1.0-alpha.0 (/workspace/source/common/config-parser)
   Compiling actix-connect v1.0.2
   Compiling asset v0.1.0-alpha.0 (/workspace/source/built-in-services/asset)
   Compiling metadata v0.1.0-alpha.0 (/workspace/source/built-in-services/metadata)
   Compiling util v0.1.0-alpha.0 (/workspace/source/built-in-services/util)
   Compiling authorization v0.1.0 (/workspace/source/built-in-services/authorization)
   Compiling multi-signature v0.1.0-alpha.0 (/workspace/source/built-in-services/multi-signature)
   Compiling tentacle-discovery v0.2.9 (https://github.com/zeroqn/p2p?rev=31db6ad#31db6ad8)
   Compiling tentacle-identify v0.2.10 (https://github.com/zeroqn/p2p?rev=31db6ad#31db6ad8)
   Compiling tentacle-ping v0.3.9 (https://github.com/zeroqn/p2p?rev=31db6ad#31db6ad8)
   Compiling actix-http v1.0.1
   Compiling core-network v0.1.0-alpha.0 (/workspace/source/core/network)
   Compiling awc v1.0.1
   Compiling core-mempool v0.1.0-alpha.0 (/workspace/source/core/mempool)
   Compiling actix-web v2.0.0
   Compiling core-api v0.1.0-alpha.0 (/workspace/source/core/api)
   Compiling rocksdb v0.14.0
   Compiling rocksdb v0.12.4
   Compiling framework v0.1.0-alpha.0 (/workspace/source/framework)
   Compiling core-storage v0.1.0-alpha.0 (/workspace/source/core/storage)
   Compiling core-consensus v0.1.0-alpha.0 (/workspace/source/core/consensus)
   Compiling muta v0.1.0-alpha.0 (/workspace/source)
    Finished dev [unoptimized + debuginfo] target(s) in 3m 16s
rm -rf ./devtools/chain/data
./target/debug/examples/muta-chain > /tmp/log 2>&1 &
cd tests/e2e && yarn && ./wait-for-it.sh -t 300 localhost:8000 -- yarn run test
ERROR: There are no scenarios; must have at least one.
Makefile:59: recipe for target 'e2e-test' failed
make: *** [e2e-test] Error 1
[31m
Pipeline failed on stage 'cargo-e2e' : container 'step-step2'. The execution of the pipeline has stopped.[0m
