
Showing logs for build [32mnervosnetwork-muta-pr-336-fmt-6mffl-27[0m stage [32mcargo-fmt[0m and container [32mstep-credential-initializer-kprww[0m
{"level":"info","ts":1594010194.468883,"logger":"fallback-logger","caller":"logging/config.go:69","msg":"Fetch GitHub commit ID from kodata failed: open /var/run/ko/refs/heads/0.8.0-ns-support: no such file or directory"}
{"level":"info","ts":1594010194.4691212,"logger":"fallback-logger","caller":"creds-init/main.go:40","msg":"Credentials initialized."}

Showing logs for build [32mnervosnetwork-muta-pr-336-fmt-6mffl-27[0m stage [32mcargo-fmt[0m and container [32mstep-working-dir-initializer-4ccxk[0m
{"level":"info","ts":1594010195.4145887,"logger":"fallback-logger","caller":"logging/config.go:69","msg":"Fetch GitHub commit ID from kodata failed: open /var/run/ko/HEAD: no such file or directory"}
{"level":"info","ts":1594010195.4151838,"logger":"fallback-logger","caller":"bash/main.go:64","msg":"Successfully executed command \"sh -c mkdir -p /workspace/source\"; output "}

Showing logs for build [32mnervosnetwork-muta-pr-336-fmt-6mffl-27[0m stage [32mcargo-fmt[0m and container [32mstep-place-tools[0m

Showing logs for build [32mnervosnetwork-muta-pr-336-fmt-6mffl-27[0m stage [32mcargo-fmt[0m and container [32mstep-git-source-nervosnetwork-muta-pr-336-fmt-6mffl-pbc48[0m
{"level":"info","ts":1594010202.5853999,"logger":"fallback-logger","caller":"logging/config.go:69","msg":"Fetch GitHub commit ID from kodata failed: open /var/run/ko/refs/heads/0.8.0-ns-support: no such file or directory"}
{"level":"info","ts":1594010204.9099226,"logger":"fallback-logger","caller":"git/git.go:103","msg":"Successfully cloned https://github.com/nervosnetwork/muta.git @ master in path /workspace/source"}

Showing logs for build [32mnervosnetwork-muta-pr-336-fmt-6mffl-27[0m stage [32mcargo-fmt[0m and container [32mstep-setup-builder-home[0m

Showing logs for build [32mnervosnetwork-muta-pr-336-fmt-6mffl-27[0m stage [32mcargo-fmt[0m and container [32mstep-git-merge[0m
Using SHAs from PULL_REFS=master:7251f16d24a71de1c3981299ba2ed9fa10b3adba,336:7587b7b7aaad3bf53a573d9d1ff9edd8e84b294a
DEBUG: JX_LOG_LEVEL=error LC_ALL=C git fetch origin --unshallow 7587b7b7aaad3bf53a573d9d1ff9edd8e84b294a: 7251f16d24a71de1c3981299ba2ed9fa10b3adba:
DEBUG: ran git fetch --unshallow origin 7587b7b7aaad3bf53a573d9d1ff9edd8e84b294a: 7251f16d24a71de1c3981299ba2ed9fa10b3adba: in 
DEBUG: JX_LOG_LEVEL=error LC_ALL=C git branch
DEBUG: LC_ALL=C JX_LOG_LEVEL=error git checkout master
DEBUG: ran git checkout master in 
DEBUG: LC_ALL=C JX_LOG_LEVEL=error git reset --hard 7251f16d24a71de1c3981299ba2ed9fa10b3adba
DEBUG: ran git reset --hard 7251f16d24a71de1c3981299ba2ed9fa10b3adba in 
DEBUG: LC_ALL=C JX_LOG_LEVEL=error git clean -fd .
DEBUG: ran clean --force -d . in 
DEBUG: LC_ALL=C JX_LOG_LEVEL=error git merge 7587b7b7aaad3bf53a573d9d1ff9edd8e84b294a
DEBUG: ran git merge 7587b7b7aaad3bf53a573d9d1ff9edd8e84b294a in 
DEBUG: LC_ALL=C JX_LOG_LEVEL=error git log --format=%H%x1f%an%x1f%ae%x1f%cn%x1f%ce%x1f%s%n%b%x1e 7251f16d24a71de1c3981299ba2ed9fa10b3adba..HEAD
Merged SHA 7587b7b7aaad3bf53a573d9d1ff9edd8e84b294a with commit message 'e2e test' into base branch master
Merged SHA 9a815bfbc7997642e9b59806350fa770d185f5ee with commit message 'update' into base branch master
Merged SHA 2cf9933051687952c9df6f37a5d656996bc3bed1 with commit message 'update' into base branch master
Merged SHA 4fd251b54c31a5398d20bb44bf8acb3ee94f3f21 with commit message 'update' into base branch master
Merged SHA 7a193b854fa42c713ac76045b68c002ab6421015 with commit message 'update' into base branch master
Merged SHA 8a34de86b94e6cf537e567577dd5a0e825fb38f2 with commit message 'parallel' into base branch master
Merged SHA 0e1a1822c451a1c12f0d4ed3bfac7de3d3f5cf50 with commit message 'fix ci test' into base branch master

Showing logs for build [32mnervosnetwork-muta-pr-336-fmt-6mffl-27[0m stage [32mcargo-fmt[0m and container [32mstep-step2[0m
cargo fmt  --all -- --check
info: syncing channel updates for 'nightly-2020-05-14-x86_64-unknown-linux-gnu'
info: latest update on 2020-05-14, rust version 1.45.0-nightly (75e1463c5 2020-05-13)
info: downloading component 'cargo'
info: downloading component 'clippy'
info: downloading component 'rust-docs'
info: downloading component 'rust-std'
info: downloading component 'rustc'
info: downloading component 'rustfmt'
info: installing component 'cargo'
info: installing component 'clippy'
info: installing component 'rust-docs'
info: installing component 'rust-std'
info: installing component 'rustc'
info: installing component 'rustfmt'
