
Showing logs for build [32mnervosnetwork-muta-pr-336-clipp-wwpc5-28[0m stage [32mcargo-fmt[0m and container [32mstep-credential-initializer-n65tr[0m
{"level":"info","ts":1594010199.1568246,"logger":"fallback-logger","caller":"logging/config.go:69","msg":"Fetch GitHub commit ID from kodata failed: open /var/run/ko/refs/heads/0.8.0-ns-support: no such file or directory"}
{"level":"info","ts":1594010199.1570957,"logger":"fallback-logger","caller":"creds-init/main.go:40","msg":"Credentials initialized."}

Showing logs for build [32mnervosnetwork-muta-pr-336-clipp-wwpc5-28[0m stage [32mcargo-fmt[0m and container [32mstep-working-dir-initializer-9hz6g[0m
{"level":"info","ts":1594010199.7032428,"logger":"fallback-logger","caller":"logging/config.go:69","msg":"Fetch GitHub commit ID from kodata failed: open /var/run/ko/HEAD: no such file or directory"}
{"level":"info","ts":1594010199.7039337,"logger":"fallback-logger","caller":"bash/main.go:64","msg":"Successfully executed command \"sh -c mkdir -p /workspace/source\"; output "}

Showing logs for build [32mnervosnetwork-muta-pr-336-clipp-wwpc5-28[0m stage [32mcargo-fmt[0m and container [32mstep-place-tools[0m

Showing logs for build [32mnervosnetwork-muta-pr-336-clipp-wwpc5-28[0m stage [32mcargo-fmt[0m and container [32mstep-git-source-nervosnetwork-muta-pr-336-clipp-wwpc5-69kn5[0m
{"level":"info","ts":1594010206.8343844,"logger":"fallback-logger","caller":"logging/config.go:69","msg":"Fetch GitHub commit ID from kodata failed: open /var/run/ko/refs/heads/0.8.0-ns-support: no such file or directory"}
{"level":"info","ts":1594010209.055483,"logger":"fallback-logger","caller":"git/git.go:103","msg":"Successfully cloned https://github.com/nervosnetwork/muta.git @ master in path /workspace/source"}

Showing logs for build [32mnervosnetwork-muta-pr-336-clipp-wwpc5-28[0m stage [32mcargo-fmt[0m and container [32mstep-setup-builder-home[0m

Showing logs for build [32mnervosnetwork-muta-pr-336-clipp-wwpc5-28[0m stage [32mcargo-fmt[0m and container [32mstep-git-merge[0m
Using SHAs from PULL_REFS=master:7251f16d24a71de1c3981299ba2ed9fa10b3adba,336:7587b7b7aaad3bf53a573d9d1ff9edd8e84b294a
DEBUG: JX_LOG_LEVEL=error LC_ALL=C git fetch origin --unshallow 7587b7b7aaad3bf53a573d9d1ff9edd8e84b294a: 7251f16d24a71de1c3981299ba2ed9fa10b3adba:
DEBUG: ran git fetch --unshallow origin 7587b7b7aaad3bf53a573d9d1ff9edd8e84b294a: 7251f16d24a71de1c3981299ba2ed9fa10b3adba: in 
DEBUG: LC_ALL=C JX_LOG_LEVEL=error git branch
DEBUG: LC_ALL=C JX_LOG_LEVEL=error git checkout master
DEBUG: ran git checkout master in 
DEBUG: LC_ALL=C JX_LOG_LEVEL=error git reset --hard 7251f16d24a71de1c3981299ba2ed9fa10b3adba
DEBUG: ran git reset --hard 7251f16d24a71de1c3981299ba2ed9fa10b3adba in 
DEBUG: JX_LOG_LEVEL=error LC_ALL=C git clean -fd .
DEBUG: ran clean --force -d . in 
DEBUG: LC_ALL=C JX_LOG_LEVEL=error git merge 7587b7b7aaad3bf53a573d9d1ff9edd8e84b294a
DEBUG: ran git merge 7587b7b7aaad3bf53a573d9d1ff9edd8e84b294a in 
DEBUG: LC_ALL=C JX_LOG_LEVEL=error git log --format=%H%x1f%an%x1f%ae%x1f%cn%x1f%ce%x1f%s%n%b%x1e 7251f16d24a71de1c3981299ba2ed9fa10b3adba..HEAD
Merged SHA 7587b7b7aaad3bf53a573d9d1ff9edd8e84b294a with commit message 'e2e test' into base branch master
Merged SHA 9a815bfbc7997642e9b59806350fa770d185f5ee with commit message 'update' into base branch master
Merged SHA 2cf9933051687952c9df6f37a5d656996bc3bed1 with commit message 'update' into base branch master
Merged SHA 4fd251b54c31a5398d20bb44bf8acb3ee94f3f21 with commit message 'update' into base branch master
Merged SHA 7a193b854fa42c713ac76045b68c002ab6421015 with commit message 'update' into base branch master
Merged SHA 8a34de86b94e6cf537e567577dd5a0e825fb38f2 with commit message 'parallel' into base branch master
Merged SHA 0e1a1822c451a1c12f0d4ed3bfac7de3d3f5cf50 with commit message 'fix ci test' into base branch master

Showing logs for build [32mnervosnetwork-muta-pr-336-clipp-wwpc5-28[0m stage [32mcargo-fmt[0m and container [32mstep-step2[0m
env  cargo clippy  --all --all-targets --all-features -- \
	-D warnings -D clippy::clone_on_ref_ptr -D clippy::enum_glob_use
info: syncing channel updates for 'nightly-2020-05-14-x86_64-unknown-linux-gnu'
info: latest update on 2020-05-14, rust version 1.45.0-nightly (75e1463c5 2020-05-13)
info: downloading component 'cargo'
info: downloading component 'clippy'
info: downloading component 'rust-docs'
info: downloading component 'rust-std'
info: downloading component 'rustc'
info: downloading component 'rustfmt'
info: installing component 'cargo'
info: installing component 'clippy'
info: installing component 'rust-docs'
info: installing component 'rust-std'
info: installing component 'rustc'
info: installing component 'rustfmt'
    Updating crates.io index
    Updating git repository `https://github.com/graphql-rust/juniper`
    Updating git repository `https://github.com/tikv/rust-prometheus.git`
    Updating git repository `https://github.com/nervosnetwork/overlord`
    Updating git repository `https://github.com/zeroqn/p2p`
 Downloading crates ...
  Downloaded creep v0.1.1
  Downloaded ethbloom v0.8.1
  Downloaded fixed-hash v0.5.2
  Downloaded block-cipher-trait v0.6.2
  Downloaded actix-service v1.0.5
  Downloaded bs58 v0.2.5
  Downloaded ctr v0.3.2
  Downloaded fixed-hash v0.2.5
  Downloaded foreign-types-shared v0.1.1
  Downloaded cfg-if v0.1.10
  Downloaded actix-threadpool v0.3.2
  Downloaded hex v0.3.2
  Downloaded actix-router v0.2.4
  Downloaded crossbeam-queue v0.2.3
  Downloaded failure v0.1.8
  Downloaded foreign-types v0.3.2
  Downloaded hasher v0.1.3
  Downloaded hex v0.4.2
  Downloaded cookie v0.12.0
  Downloaded ethbloom v0.5.3
  Downloaded flate2 v1.0.16
  Downloaded backtrace v0.3.49
  Downloaded crunchy v0.2.2
  Downloaded futures-macro v0.3.5
  Downloaded generic-array v0.12.3
  Downloaded actix-connect v1.0.2
  Downloaded h2 v0.2.5
  Downloaded chrono v0.4.13
  Downloaded crossbeam-channel v0.4.2
  Downloaded h2 v0.1.26
  Downloaded fake-simd v0.1.2
  Downloaded actix-web v2.0.0
  Downloaded futures-util v0.3.5
  Downloaded aes-ctr v0.3.0
  Downloaded actix-http v1.0.1
  Downloaded futures v0.1.29
  Downloaded bindgen v0.53.3
  Downloaded clap v2.33.1
  Downloaded clang-sys v0.29.3
  Downloaded cexpr v0.4.0
  Downloaded block-padding v0.1.5
  Downloaded brotli-sys v0.3.2
  Downloaded gimli v0.21.0
  Downloaded http v0.2.1
  Downloaded impl-rlp v0.2.1
  Downloaded hyper-tls v0.3.2
  Downloaded itoa v0.4.6
  Downloaded http-body v0.1.0
  Downloaded iovec v0.1.4
  Downloaded impl-serde v0.2.3
  Downloaded lazycell v1.2.1
  Downloaded itertools v0.8.2
  Downloaded json v0.12.4
  Downloaded juniper_codegen v0.14.2
  Downloaded idna v0.1.5
  Downloaded indexmap v1.4.0
  Downloaded libc v0.2.71
  Downloaded maybe-uninit v2.0.0
  Downloaded muta-protocol v0.1.0-alpha.1
  Downloaded muta-apm-derive v0.1.0-alpha.12
  Downloaded muta-codec-derive v0.2.0
  Downloaded num_cpus v1.13.0
  Downloaded mio v0.6.22
  Downloaded openssl-probe v0.1.2
  Downloaded miracl_amcl v3.2.5
  Downloaded ophelia-derive v0.2.0
  Downloaded parking_lot_core v0.2.14
  Downloaded ophelia-secp256k1 v0.2.0
  Downloaded ophelia-bls-amcl v0.1.1
  Downloaded openssl-sys v0.9.58
  Downloaded net2 v0.2.34
  Downloaded ophelia v0.2.0
  Downloaded parking_lot v0.8.0
  Downloaded ophelia-bls-amcl v0.2.0
  Downloaded pin-project v0.4.22
  Downloaded opaque-debug v0.2.3
  Downloaded parking_lot_core v0.5.0
  Downloaded proc-macro2 v1.0.18
  Downloaded nom v5.1.2
  Downloaded quickcheck v0.9.2
  Downloaded openssl v0.10.30
  Downloaded object v0.20.0
  Downloaded rand v0.7.3
  Downloaded prost-derive v0.6.1
  Downloaded quick-error v1.2.3
  Downloaded rand_core v0.5.1
  Downloaded prime_tools v0.2.2
  Downloaded publicsuffix v1.5.4
  Downloaded rand_hc v0.1.0
  Downloaded rand_core v0.3.1
  Downloaded protobuf v2.15.1
  Downloaded rand_isaac v0.1.1
  Downloaded rand_os v0.1.3
  Downloaded rand_jitter v0.1.4
  Downloaded quickcheck_macros v0.8.0
  Downloaded rand v0.4.6
  Downloaded rand_pcg v0.1.2
  Downloaded rlp v0.3.0
  Downloaded reqwest v0.9.24
  Downloaded rand_xorshift v0.1.1
  Downloaded env_logger v0.6.2
  Downloaded futures-channel v0.3.5
  Downloaded resolv-conf v0.6.3
  Downloaded getrandom v0.1.14
  Downloaded rustc_version v0.2.3
  Downloaded rustracing v0.4.0
  Downloaded rustc-hash v1.1.0
  Downloaded regex v1.3.9
  Downloaded hmac v0.7.1
  Downloaded secret_sharing v0.1.1
  Downloaded ryu v1.0.5
  Downloaded semver-parser v0.7.0
  Downloaded semver v0.9.0
  Downloaded secp256k1 v0.17.2
  Downloaded rustversion v1.0.3
  Downloaded scopeguard v1.1.0
  Downloaded rustracing_jaeger v0.4.1
  Downloaded serde v1.0.114
  Downloaded shlex v0.1.1
  Downloaded sha1 v0.6.0
  Downloaded stringreader v0.1.1
  Downloaded synstructure v0.10.2
  Downloaded tokio-codec v0.1.2
  Downloaded tentacle-secio v0.1.11
  Downloaded stream-cipher v0.3.2
  Downloaded slab v0.4.2
  Downloaded strsim v0.8.0
  Downloaded thrift_codec v0.1.1
  Downloaded textwrap v0.11.0
  Downloaded synstructure v0.12.4
  Downloaded tokio-fs v0.1.7
  Downloaded tokio v0.1.22
  Downloaded tinyvec v0.3.3
  Downloaded trackable v0.2.23
  Downloaded thread-id v3.3.0
  Downloaded tokio-threadpool v0.1.18
  Downloaded secp256k1 v0.15.5
  Downloaded twofish v0.2.0
  Downloaded tokio-udp v0.1.6
  Downloaded secp256k1-sys v0.1.2
  Downloaded tokio-sync v0.1.8
  Downloaded tokio-executor v0.1.10
  Downloaded tokio-current-thread v0.1.7
  Downloaded threadpool v1.8.1
  Downloaded thiserror-impl v1.0.20
  Downloaded trackable_derive v0.1.3
  Downloaded unicode-bidi v0.3.4
  Downloaded typenum v1.12.0
  Downloaded toml v0.4.10
  Downloaded tokio-reactor v0.1.12
  Downloaded tokio-io v0.1.13
  Downloaded unicode-segmentation v1.6.0
  Downloaded try_from v0.3.2
  Downloaded uuid v0.7.4
  Downloaded untrusted v0.7.1
  Downloaded syn v1.0.33
  Downloaded syn v0.15.44
  Downloaded url v2.1.1
  Downloaded unicode-xid v0.1.0
  Downloaded unsigned-varint v0.2.3
  Downloaded unicode-width v0.1.8
  Downloaded sha3 v0.8.2
  Downloaded unicode-normalization v0.1.13
  Downloaded trust-dns-resolver v0.18.0-alpha.2
  Downloaded unsafe-any v0.4.2
  Downloaded url v1.7.2
  Downloaded unicode-xid v0.2.1
  Downloaded trust-dns-proto v0.18.0-alpha.2
  Downloaded tokio-buf v0.1.1
  Downloaded tokio v0.2.21
  Downloaded unicase v2.6.0
  Downloaded try-lock v0.2.2
  Downloaded toml v0.5.6
  Downloaded tokio-util v0.3.1
  Downloaded tokio-util v0.2.0
  Downloaded tokio-timer v0.2.13
  Downloaded tokio-tcp v0.1.4
  Downloaded tokio-macros v0.2.5
  Downloaded thiserror v1.0.20
  Downloaded termcolor v1.1.0
  Downloaded snap v0.2.5
  Downloaded string v0.2.1
  Downloaded vec_map v0.8.2
  Downloaded static_merkle_tree v1.1.0
  Downloaded spin v0.5.2
  Downloaded socket2 v0.3.12
  Downloaded smallvec v1.4.0
  Downloaded serde_yaml v0.8.13
  Downloaded serde_derive v1.0.114
  Downloaded serde-value v0.5.3
  Downloaded static_assertions v1.1.0
  Downloaded subtle v1.0.0
  Downloaded stable_deref_trait v1.1.1
  Downloaded serde_json v1.0.56
  Downloaded smallvec v0.6.13
  Downloaded signal-hook-registry v1.2.0
  Downloaded sha2 v0.8.2
  Downloaded serde_urlencoded v0.6.1
  Downloaded serde_urlencoded v0.5.5
  Downloaded rustc-hex v2.1.0
  Downloaded regex-syntax v0.6.18
  Downloaded rustc-demangle v0.1.16
  Downloaded rocksdb v0.12.4
  Downloaded rlp v0.4.5
  Downloaded rayon v1.3.1
  Downloaded rand_core v0.4.2
  Downloaded rand_chacha v0.2.2
  Downloaded rand_chacha v0.1.1
  Downloaded rand v0.3.23
  Downloaded quote v0.6.13
  Downloaded want v0.2.0
  Downloaded prost v0.6.1
  Downloaded parking_lot v0.9.0
  Downloaded quote v1.0.7
  Downloaded proc-macro-nested v0.1.6
  Downloaded pin-project-lite v0.1.7
  Downloaded ordered-float v1.1.0
  Downloaded rand v0.6.5
  Downloaded ppv-lite86 v0.2.8
  Downloaded parking_lot_core v0.8.0
  Downloaded xml-rs v0.7.0
  Downloaded zeroize_derive v0.9.3
  Downloaded log4rs v0.8.3
  Downloaded which v3.1.1
  Downloaded mio-uds v0.6.8
  Downloaded ring v0.16.12
  Downloaded rocksdb v0.14.0
  Downloaded tiny-keccak v1.5.0
  Downloaded uuid v0.8.1
  Downloaded time v0.1.43
  Downloaded chashmap v2.2.2
  Downloaded rand_pcg v0.2.1
  Downloaded rayon-core v1.7.1
  Downloaded igd v0.9.1
  Downloaded aes-soft v0.3.3
  Downloaded percent-encoding v1.0.1
  Downloaded zeroize v0.9.3
  Downloaded byte-tools v0.3.1
  Downloaded librocksdb-sys v6.7.4
  Downloaded proc-macro2 v0.4.30
  Downloaded proc-macro-hack v0.5.16
  Downloaded traitobject v0.1.0
  Downloaded proc-macro-error-attr v0.3.4
  Downloaded proc-macro-error v0.3.4
  Downloaded pkg-config v0.3.17
  Downloaded yaml-rust v0.3.5
  Downloaded yaml-rust v0.4.4
  Downloaded typemap v0.3.3
  Downloaded thread_local v1.0.1
  Downloaded xmltree v0.8.0
  Downloaded version_check v0.9.2
  Downloaded uint v0.4.1
  Downloaded tokio-uds v0.2.7
  Downloaded pin-utils v0.1.0
  Downloaded pin-project-internal v0.4.22
  Downloaded percent-encoding v2.1.0
  Downloaded peeking_take_while v0.1.2
  Downloaded parking_lot_core v0.7.2
  Downloaded parking_lot_core v0.6.2
  Downloaded parking_lot v0.11.0
  Downloaded parking_lot v0.10.2
  Downloaded ophelia-hasher v0.2.0
  Downloaded native-tls v0.2.4
  Downloaded once_cell v1.4.0
  Downloaded num-traits v0.2.12
  Downloaded parking_lot v0.4.8
  Downloaded owning_ref v0.3.3
  Downloaded overlord v0.2.0-alpha.13
  Downloaded num-bigint v0.2.6
  Downloaded muta-apm v0.1.0-alpha.15
  Downloaded miniz_oxide v0.3.7
  Downloaded log v0.4.8
  Downloaded mime_guess v2.0.3
  Downloaded lru-cache v0.1.2
  Downloaded num-integer v0.1.43
  Downloaded miniz_oxide v0.4.0
  Downloaded mime v0.3.16
  Downloaded memoffset v0.5.5
  Downloaded memchr v2.3.3
  Downloaded matches v0.1.8
  Downloaded log-mdc v0.1.0
  Downloaded lock_api v0.3.4
  Downloaded lock_api v0.2.0
  Downloaded moodyblues-sdk v0.3.0
  Downloaded lazy_static v1.4.0
  Downloaded match_cfg v0.1.0
  Downloaded lock_api v0.4.0
  Downloaded linked-hash-map v0.5.3
  Downloaded libmath v0.1.4
  Downloaded libloading v0.5.2
  Downloaded language-tags v0.2.2
  Downloaded keccak v0.1.0
  Downloaded instant v0.1.6
  Downloaded idna v0.2.0
  Downloaded hostname v0.3.1
  Downloaded hyper v0.12.35
  Downloaded humantime v1.3.0
  Downloaded httparse v1.3.4
  Downloaded http v0.1.21
  Downloaded encoding_rs v0.8.23
  Downloaded amcl_wrapper v0.2.3
  Downloaded adler32 v1.1.0
  Downloaded actix-utils v1.0.6
  Downloaded derive_more v0.99.9
  Downloaded byteorder v1.3.4
  Downloaded antidote v1.0.0
  Downloaded addr2line v0.12.2
  Downloaded aho-corasick v0.7.13
  Downloaded digest v0.8.1
  Downloaded derive_more v0.15.0
  Downloaded crunchy v0.1.6
  Downloaded crossbeam-epoch v0.8.2
  Downloaded crossbeam-deque v0.7.3
  Downloaded crc32fast v1.2.0
  Downloaded cookie_store v0.7.0
  Downloaded cc v1.0.41
  Downloaded bytestring v0.1.5
  Downloaded brotli2 v0.3.2
  Downloaded block-buffer v0.7.3
  Downloaded bitflags v1.2.1
  Downloaded bit-vec v0.6.2
  Downloaded bincode v1.3.1
  Downloaded base64 v0.11.0
  Downloaded attohttpc v0.4.5
  Downloaded arc-swap v0.4.7
  Downloaded arc-swap v0.3.11
  Downloaded anyhow v1.0.31
  Downloaded ansi_term v0.11.0
  Downloaded adler v0.2.2
  Downloaded actix-web-codegen v0.2.2
  Downloaded actix-testing v1.0.1
  Downloaded actix-server v1.0.3
  Downloaded actix-rt v1.1.1
  Downloaded heck v0.3.1
  Downloaded heapsize v0.4.2
  Downloaded hashbrown v0.3.1
  Downloaded glob v0.3.0
  Downloaded fxhash v0.2.1
  Downloaded futures-timer v3.0.2
  Downloaded futures-timer v2.0.2
  Downloaded futures-task v0.3.5
  Downloaded futures-sink v0.3.5
  Downloaded futures-io v0.3.5
  Downloaded futures-executor v0.3.5
  Downloaded futures-cpupool v0.1.8
  Downloaded futures-core v0.3.5
  Downloaded futures v0.3.5
  Downloaded flatbuffers v0.6.1
  Downloaded failure_derive v0.1.8
  Downloaded autocfg v1.0.0
  Downloaded ethereum-types-serialize v0.2.2
  Downloaded ethereum-types v0.4.2
  Downloaded error-chain v0.12.2
  Downloaded enum-as-inner v0.3.2
  Downloaded either v1.5.3
  Downloaded dtoa v0.4.6
  Downloaded crossbeam-utils v0.7.2
  Downloaded bytes v0.4.12
  Downloaded bs58 v0.3.1
  Downloaded awc v1.0.1
  Downloaded autocfg v0.1.7
  Downloaded atty v0.2.14
  Downloaded async-trait v0.1.36
  Downloaded actix-tls v1.0.0
  Downloaded bytes v0.5.5
  Downloaded actix-codec v0.2.0
  Downloaded fnv v1.0.7
  Downloaded flatbuffers-verifier v0.2.1
  Downloaded env_logger v0.7.1
  Downloaded dyn-clone v1.0.2
  Downloaded creep v0.2.2
  Downloaded copyless v0.1.5
  Downloaded cita_trie v2.0.0
  Downloaded bls_amcl v0.7.0
  Downloaded base64 v0.10.1
  Downloaded actix-macros v0.1.2
  Downloaded crypto-mac v0.7.0
   Compiling libc v0.2.71
   Compiling proc-macro2 v1.0.18
   Compiling unicode-xid v0.2.1
   Compiling syn v1.0.33
   Compiling serde_derive v1.0.114
   Compiling serde v1.0.114
    Checking cfg-if v0.1.10
   Compiling autocfg v1.0.0
   Compiling maybe-uninit v2.0.0
    Checking lazy_static v1.4.0
   Compiling byteorder v1.3.4
   Compiling log v0.4.8
   Compiling memchr v2.3.3
   Compiling either v1.5.3
   Compiling scopeguard v1.1.0
    Checking futures v0.1.29
    Checking slab v0.4.2
   Compiling rayon-core v1.7.1
    Checking fnv v1.0.7
    Checking itoa v0.4.6
   Compiling autocfg v0.1.7
   Compiling pin-project-internal v0.4.22
   Compiling semver-parser v0.7.0
   Compiling proc-macro-nested v0.1.6
   Compiling proc-macro-hack v0.5.16
    Checking futures-core v0.3.5
    Checking futures-sink v0.3.5
    Checking rand_core v0.4.2
   Compiling ryu v1.0.5
   Compiling serde_json v1.0.56
    Checking once_cell v1.4.0
    Checking futures-io v0.3.5
    Checking pin-utils v0.1.0
   Compiling getrandom v0.1.14
   Compiling bitflags v1.2.1
   Compiling crunchy v0.2.2
   Compiling heapsize v0.4.2
    Checking smallvec v1.4.0
   Compiling crunchy v0.1.6
    Checking gimli v0.21.0
    Checking adler32 v1.1.0
    Checking rustc-demangle v0.1.16
    Checking ppv-lite86 v0.2.8
    Checking object v0.20.0
   Compiling typenum v1.12.0
   Compiling anyhow v1.0.31
    Checking rustc-hex v2.1.0
   Compiling proc-macro2 v0.4.30
   Compiling unicode-xid v0.1.0
   Compiling syn v0.15.44
    Checking opaque-debug v0.2.3
    Checking percent-encoding v2.1.0
    Checking json v0.12.4
    Checking byte-tools v0.3.1
    Checking hashbrown v0.3.1
    Checking arc-swap v0.4.7
    Checking hex v0.4.2
    Checking dyn-clone v1.0.2
    Checking pin-project-lite v0.1.7
   Compiling version_check v0.9.2
   Compiling failure_derive v0.1.8
    Checking tinyvec v0.3.3
    Checking matches v0.1.8
   Compiling regex-syntax v0.6.18
    Checking match_cfg v0.1.0
    Checking spin v0.5.2
   Compiling protobuf v2.15.1
   Compiling prometheus v0.8.0 (https://github.com/tikv/rust-prometheus.git?rev=fd122caa03#fd122caa)
    Checking keccak v0.1.0
   Compiling pkg-config v0.3.17
    Checking miracl_amcl v3.2.5
   Compiling glob v0.3.0
    Checking percent-encoding v1.0.1
   Compiling quick-error v1.2.3
   Compiling unicode-width v0.1.8
   Compiling strsim v0.8.0
   Compiling bindgen v0.53.3
   Compiling termcolor v1.1.0
   Compiling ansi_term v0.11.0
    Checking foreign-types-shared v0.1.1
   Compiling yaml-rust v0.3.5
   Compiling vec_map v0.8.2
   Compiling openssl v0.10.30
   Compiling peeking_take_while v0.1.2
   Compiling lazycell v1.2.1
   Compiling rustc-hash v1.1.0
   Compiling shlex v0.1.1
    Checking untrusted v0.7.1
    Checking fake-simd v0.1.2
    Checking unsigned-varint v0.2.3
    Checking dtoa v0.4.6
   Compiling crc32fast v1.2.0
    Checking linked-hash-map v0.5.3
    Checking adler v0.2.2
    Checking bs58 v0.3.1
   Compiling tentacle-secio v0.2.2 (https://github.com/zeroqn/p2p?rev=31db6ad#31db6ad8)
    Checking instant v0.1.6
   Compiling httparse v1.3.4
    Checking copyless v0.1.5
   Compiling encoding_rs v0.8.23
   Compiling unicode-segmentation v1.6.0
    Checking mime v0.3.16
    Checking futures-timer v2.0.2
   Compiling rustversion v1.0.3
    Checking futures-timer v3.0.2
    Checking traitobject v0.1.0
    Checking try-lock v0.2.2
   Compiling native-tls v0.2.4
    Checking bit-vec v0.6.2
    Checking openssl-probe v0.1.2
    Checking base64 v0.11.0
    Checking antidote v1.0.0
    Checking language-tags v0.2.2
    Checking arc-swap v0.3.11
    Checking log-mdc v0.1.0
    Checking sha1 v0.6.0
    Checking static_merkle_tree v1.1.0
    Checking uuid v0.8.1
    Checking stringreader v0.1.1
    Checking static_assertions v1.1.0
    Checking subtle v1.0.0
    Checking stable_deref_trait v1.1.1
    Checking creep v0.1.1
    Checking hex v0.3.2
    Checking bs58 v0.2.5
    Checking common-channel v0.1.0-alpha.0 (/workspace/source/common/channel)
    Checking common-pubsub v0.1.0-alpha.0 (/workspace/source/common/pubsub)
    Checking try_from v0.3.2
   Compiling thread_local v1.0.1
   Compiling lock_api v0.2.0
    Checking lock_api v0.3.4
    Checking lock_api v0.4.0
   Compiling itertools v0.8.2
   Compiling semver v0.9.0
    Checking futures-channel v0.3.5
    Checking rand_core v0.3.1
    Checking rand_jitter v0.1.4
    Checking futures-task v0.3.5
   Compiling crossbeam-utils v0.7.2
   Compiling memoffset v0.5.5
   Compiling crossbeam-epoch v0.8.2
   Compiling rayon v1.3.1
   Compiling num-traits v0.2.12
   Compiling num-integer v0.1.43
   Compiling indexmap v1.4.0
   Compiling num-bigint v0.2.6
    Checking miniz_oxide v0.3.7
    Checking flatbuffers v0.6.1
   Compiling rand_pcg v0.1.2
   Compiling rand_chacha v0.1.1
   Compiling rand v0.6.5
    Checking rlp v0.4.5
    Checking block-padding v0.1.5
    Checking creep v0.2.2
    Checking unicode-bidi v0.3.4
    Checking unicode-normalization v0.1.13
    Checking tokio-sync v0.1.8
   Compiling humantime v1.3.0
   Compiling textwrap v0.11.0
   Compiling nom v5.1.2
   Compiling unicase v2.6.0
   Compiling error-chain v0.12.2
    Checking foreign-types v0.3.2
   Compiling clang-sys v0.29.3
    Checking miniz_oxide v0.4.0
    Checking lru-cache v0.1.2
    Checking yaml-rust v0.4.4
    Checking unsafe-any v0.4.2
   Compiling heck v0.3.1
    Checking addr2line v0.12.2
    Checking owning_ref v0.3.3
   Compiling rustc_version v0.2.3
    Checking rand_isaac v0.1.1
    Checking rand_hc v0.1.0
    Checking rand_xorshift v0.1.1
    Checking flatbuffers-verifier v0.2.1
    Checking impl-rlp v0.2.1
    Checking typemap v0.3.3
    Checking idna v0.1.5
    Checking idna v0.2.0
   Compiling smallvec v0.6.13
    Checking aho-corasick v0.7.13
    Checking snap v0.2.5
    Checking fxhash v0.2.1
    Checking base64 v0.10.1
   Compiling quote v1.0.7
    Checking num_cpus v1.13.0
    Checking iovec v0.1.4
    Checking rand_os v0.1.3
    Checking rand v0.4.6
    Checking net2 v0.2.34
    Checking backtrace v0.3.49
    Checking parking_lot_core v0.7.2
    Checking signal-hook-registry v1.2.0
    Checking hostname v0.3.1
    Checking time v0.1.43
    Checking parking_lot_core v0.8.0
    Checking socket2 v0.3.12
    Checking atty v0.2.14
    Checking thread-id v3.3.0
   Compiling which v3.1.1
    Checking xml-rs v0.7.0
    Checking tiny-keccak v1.5.0
   Compiling uint v0.4.1
   Compiling parking_lot_core v0.5.0
   Compiling parking_lot v0.8.0
   Compiling parking_lot_core v0.6.2
   Compiling parking_lot v0.9.0
   Compiling hyper v0.12.35
    Checking flate2 v1.0.16
   Compiling quote v0.6.13
    Checking bytes v0.4.12
    Checking threadpool v1.8.1
    Checking futures-cpupool v0.1.8
    Checking url v1.7.2
    Checking generic-array v0.12.3
    Checking resolv-conf v0.6.3
    Checking regex v1.3.9
    Checking rand_core v0.5.1
    Checking url v2.1.1
    Checking parking_lot v0.10.2
    Checking clap v2.33.1
    Checking parking_lot v0.11.0
    Checking fixed-hash v0.2.5
    Checking rand v0.3.23
    Checking parking_lot_core v0.2.14
   Compiling hasher v0.1.3
    Checking xmltree v0.8.0
   Compiling crossbeam-queue v0.2.3
    Checking crossbeam-channel v0.4.2
    Checking tokio-executor v0.1.10
    Checking http v0.1.21
    Checking string v0.2.1
    Checking tokio-buf v0.1.1
   Compiling mime_guess v2.0.3
    Checking rand_chacha v0.2.2
    Checking rand_pcg v0.2.1
    Checking digest v0.8.1
    Checking block-buffer v0.7.3
    Checking block-cipher-trait v0.6.2
    Checking stream-cipher v0.3.2
    Checking crypto-mac v0.7.0
    Checking libmath v0.1.4
    Checking ordered-float v1.1.0
    Checking cookie v0.12.0
    Checking parking_lot v0.4.8
    Checking publicsuffix v1.5.4
   Compiling crossbeam-deque v0.7.3
    Checking tokio-timer v0.2.13
    Checking tokio-current-thread v0.1.7
   Compiling cexpr v0.4.0
    Checking uuid v0.7.4
    Checking sha3 v0.8.2
    Checking sha2 v0.8.2
    Checking ctr v0.3.2
    Checking aes-soft v0.3.3
    Checking twofish v0.2.0
    Checking rand v0.7.3
    Checking hmac v0.7.1
    Checking prime_tools v0.2.2
    Checking chrono v0.4.13
    Checking chashmap v2.2.2
    Checking http-body v0.1.0
    Checking aes-ctr v0.3.0
    Checking fixed-hash v0.5.2
   Compiling synstructure v0.12.4
   Compiling synstructure v0.10.2
   Compiling cc v1.0.41
   Compiling futures-macro v0.3.5
   Compiling derive_more v0.99.9
   Compiling async-trait v0.1.36
   Compiling prost-derive v0.6.1
   Compiling tokio-macros v0.2.5
   Compiling muta-codec-derive v0.2.0
   Compiling thiserror-impl v1.0.20
   Compiling trackable_derive v0.1.3
   Compiling static-metric-proc-macros v0.1.0 (https://github.com/tikv/rust-prometheus.git?rev=fd122caa03#fd122caa)
   Compiling ophelia-derive v0.2.0
   Compiling actix-macros v0.1.2
   Compiling enum-as-inner v0.3.2
   Compiling actix-web-codegen v0.2.2
   Compiling juniper_codegen v0.14.2
   Compiling openssl-sys v0.9.58
   Compiling secp256k1-sys v0.1.2
   Compiling libloading v0.5.2
   Compiling ring v0.16.12
   Compiling secp256k1 v0.15.5
   Compiling brotli-sys v0.3.2
   Compiling zeroize_derive v0.9.3
   Compiling derive_more v0.15.0
   Compiling quickcheck_macros v0.8.0
    Checking pin-project v0.4.22
    Checking failure v0.1.8
    Checking trackable v0.2.23
    Checking thiserror v1.0.20
   Compiling proc-macro-error-attr v0.3.4
    Checking futures-util v0.3.5
    Checking thrift_codec v0.1.1
    Checking rustracing v0.4.0
    Checking ophelia-hasher v0.2.0
    Checking prometheus-static-metric v0.3.0 (https://github.com/tikv/rust-prometheus.git?rev=fd122caa03#fd122caa)
    Checking zeroize v0.9.3
    Checking rustracing_jaeger v0.4.1
    Checking secp256k1 v0.17.2
    Checking brotli2 v0.3.2
   Compiling proc-macro-error v0.3.4
   Compiling juniper_codegen v0.14.2 (https://github.com/graphql-rust/juniper?rev=eff086a#eff086a3)
    Checking futures-executor v0.3.5
    Checking actix-service v1.0.5
    Checking futures v0.3.5
    Checking bytes v0.5.5
    Checking ethereum-types-serialize v0.2.2
    Checking bincode v1.3.1
    Checking serde-value v0.5.3
    Checking serde_yaml v0.8.13
    Checking serde_urlencoded v0.6.1
    Checking serde_urlencoded v0.5.5
    Checking toml v0.4.10
    Checking toml v0.5.6
    Checking impl-serde v0.2.3
    Checking ethbloom v0.5.3
    Checking mio v0.6.22
    Checking tokio-io v0.1.13
    Checking attohttpc v0.4.5
    Checking actix-threadpool v0.3.2
    Checking tokio-threadpool v0.1.18
    Checking want v0.2.0
    Checking env_logger v0.7.1
    Checking env_logger v0.6.2
    Checking prost v0.6.1
    Checking ophelia v0.2.0
    Checking tentacle-multiaddr v0.1.0 (https://github.com/zeroqn/p2p?rev=31db6ad#31db6ad8)
    Checking http v0.2.1
    Checking bytestring v0.1.5
    Checking juniper v0.14.2 (https://github.com/graphql-rust/juniper?rev=eff086a#eff086a3)
    Checking ethbloom v0.8.1
    Checking ethereum-types v0.4.2
    Checking igd v0.9.1
    Checking tokio-codec v0.1.2
    Checking h2 v0.1.26
    Checking mio-uds v0.6.8
    Checking tokio-reactor v0.1.12
    Checking amcl_wrapper v0.2.3
    Checking log4rs v0.8.3
    Checking cookie_store v0.7.0
    Checking moodyblues-sdk v0.3.0
    Checking tokio-fs v0.1.7
    Checking quickcheck v0.9.2
    Checking ophelia-secp256k1 v0.2.0
    Checking tokio v0.2.21
    Checking tokio-uds v0.2.7
    Checking tokio-udp v0.1.6
    Checking tokio-tcp v0.1.4
    Checking secret_sharing v0.1.1
    Checking bls_amcl v0.7.0
    Checking actix-router v0.2.4
    Checking tokio v0.1.22
    Checking rlp v0.3.0
    Checking common-logger v0.1.0-alpha.0 (/workspace/source/common/logger)
    Checking ophelia-bls-amcl v0.2.0
    Checking ophelia-bls-amcl v0.1.1
    Checking tentacle-secio v0.1.11
    Checking cita_trie v2.0.0
    Checking muta-protocol v0.1.0-alpha.1 (/workspace/source/protocol)
    Checking muta-protocol v0.1.0-alpha.1
   Compiling muta-apm-derive v0.1.0-alpha.12
    Checking common-crypto v0.1.0-alpha.0 (/workspace/source/common/crypto)
    Checking muta-keypair v0.1.0-alpha.1 (/workspace/source/devtools/keypair)
    Checking tokio-util v0.2.0
    Checking actix-rt v1.1.1
    Checking trust-dns-proto v0.18.0-alpha.2
    Checking tokio-util v0.3.1
    Checking overlord v0.2.0-alpha.13
    Checking muta-apm v0.1.0-alpha.15
    Checking overlord v0.2.0-alpha.13 (https://github.com/nervosnetwork/overlord?rev=f9a5dbe6#f9a5dbe6)
    Checking tokio-yamux v0.1.14 (https://github.com/zeroqn/p2p?rev=31db6ad#31db6ad8)
    Checking actix-codec v0.2.0
    Checking h2 v0.2.5
    Checking actix-utils v1.0.6
    Checking hyper-tls v0.3.2
    Checking reqwest v0.9.24
    Checking common-apm v0.1.0 (/workspace/source/common/apm)
    Checking common-merkle v0.1.0-alpha.0 (/workspace/source/common/merkle)
    Checking binding-macro v0.1.0-alpha.0 (/workspace/source/binding-macro)
    Checking tentacle v0.2.7 (https://github.com/zeroqn/p2p?rev=31db6ad#31db6ad8)
    Checking actix-server v1.0.3
    Checking actix-tls v1.0.0
    Checking common-config-parser v0.1.0-alpha.0 (/workspace/source/common/config-parser)
    Checking trust-dns-resolver v0.18.0-alpha.2
    Checking actix-testing v1.0.1
    Checking tentacle-identify v0.2.10 (https://github.com/zeroqn/p2p?rev=31db6ad#31db6ad8)
    Checking tentacle-discovery v0.2.9 (https://github.com/zeroqn/p2p?rev=31db6ad#31db6ad8)
    Checking tentacle-ping v0.3.9 (https://github.com/zeroqn/p2p?rev=31db6ad#31db6ad8)
    Checking actix-connect v1.0.2
    Checking core-network v0.1.0-alpha.0 (/workspace/source/core/network)
    Checking actix-http v1.0.1
    Checking core-mempool v0.1.0-alpha.0 (/workspace/source/core/mempool)
    Checking awc v1.0.1
   Compiling librocksdb-sys v6.7.4
    Checking actix-web v2.0.0
    Checking asset v0.1.0-alpha.0 (/workspace/source/built-in-services/asset)
    Checking util v0.1.0-alpha.0 (/workspace/source/built-in-services/util)
    Checking metadata v0.1.0-alpha.0 (/workspace/source/built-in-services/metadata)
    Checking authorization v0.1.0 (/workspace/source/built-in-services/authorization)
    Checking multi-signature v0.1.0-alpha.0 (/workspace/source/built-in-services/multi-signature)
    Checking core-api v0.1.0-alpha.0 (/workspace/source/core/api)
    Checking rocksdb v0.12.4
    Checking rocksdb v0.14.0
    Checking framework v0.1.0-alpha.0 (/workspace/source/framework)
    Checking core-storage v0.1.0-alpha.0 (/workspace/source/core/storage)
    Checking core-consensus v0.1.0-alpha.0 (/workspace/source/core/consensus)
    Checking muta v0.1.0-alpha.0 (/workspace/source)
    Finished dev [unoptimized + debuginfo] target(s) in 4m 20s
