
Showing logs for build [32mmeta-nervosnetwork-muta-master-xq6jp-2[0m stage [32mmeta-pipeline[0m and container [32mstep-credential-initializer-78tkf[0m
{"level":"info","ts":1593784725.2945745,"logger":"fallback-logger","caller":"logging/config.go:69","msg":"Fetch GitHub commit ID from kodata failed: open /var/run/ko/refs/heads/0.8.0-ns-support: no such file or directory"}
{"level":"info","ts":1593784725.2948039,"logger":"fallback-logger","caller":"creds-init/main.go:40","msg":"Credentials initialized."}

Showing logs for build [32mmeta-nervosnetwork-muta-master-xq6jp-2[0m stage [32mmeta-pipeline[0m and container [32mstep-working-dir-initializer-p22mr[0m
{"level":"info","ts":1593784726.5586393,"logger":"fallback-logger","caller":"logging/config.go:69","msg":"Fetch GitHub commit ID from kodata failed: open /var/run/ko/HEAD: no such file or directory"}
{"level":"info","ts":1593784726.5592546,"logger":"fallback-logger","caller":"bash/main.go:64","msg":"Successfully executed command \"sh -c mkdir -p /workspace/source\"; output "}

Showing logs for build [32mmeta-nervosnetwork-muta-master-xq6jp-2[0m stage [32mmeta-pipeline[0m and container [32mstep-place-tools[0m

Showing logs for build [32mmeta-nervosnetwork-muta-master-xq6jp-2[0m stage [32mmeta-pipeline[0m and container [32mstep-git-source-meta-nervosnetwork-muta-master-xq6jp-zp2f5[0m
{"level":"info","ts":1593784730.5932791,"logger":"fallback-logger","caller":"logging/config.go:69","msg":"Fetch GitHub commit ID from kodata failed: open /var/run/ko/refs/heads/0.8.0-ns-support: no such file or directory"}
{"level":"info","ts":1593784732.7957842,"logger":"fallback-logger","caller":"git/git.go:103","msg":"Successfully cloned https://github.com/nervosnetwork/muta.git @ master in path /workspace/source"}

Showing logs for build [32mmeta-nervosnetwork-muta-master-xq6jp-2[0m stage [32mmeta-pipeline[0m and container [32mstep-setup-builder-home[0m

Showing logs for build [32mmeta-nervosnetwork-muta-master-xq6jp-2[0m stage [32mmeta-pipeline[0m and container [32mstep-git-merge[0m
Using SHAs from PULL_REFS=master:
WARNING: no SHAs to merge, falling back to initial cloned commit

Showing logs for build [32mmeta-nervosnetwork-muta-master-xq6jp-2[0m stage [32mmeta-pipeline[0m and container [32mstep-merge-pull-refs[0m
SKIP merge-pull-refs: Nothing to merge

Showing logs for build [32mmeta-nervosnetwork-muta-master-xq6jp-2[0m stage [32mmeta-pipeline[0m and container [32mstep-create-effective-pipeline[0m
error: failed to create effective pipeline for pull request: validation failed for Pipeline: No agent specified for stage or for its parent(s): stages[0].agent
[31m
Pipeline failed on stage 'meta-pipeline' : container 'step-create-effective-pipeline'. The execution of the pipeline has stopped.[0m
