
Showing logs for build [32mnervosnetwork-muta-pr-331-pr-bu-dq9wd-2[0m stage [32mfrom-build-pack[0m and container [32mstep-credential-initializer-929sv[0m
{"level":"info","ts":1593682455.269253,"logger":"fallback-logger","caller":"logging/config.go:69","msg":"Fetch GitHub commit ID from kodata failed: open /var/run/ko/refs/heads/0.8.0-ns-support: no such file or directory"}
{"level":"info","ts":1593682455.2694936,"logger":"fallback-logger","caller":"creds-init/main.go:40","msg":"Credentials initialized."}

Showing logs for build [32mnervosnetwork-muta-pr-331-pr-bu-dq9wd-2[0m stage [32mfrom-build-pack[0m and container [32mstep-working-dir-initializer-6frj9[0m
{"level":"info","ts":1593682456.231042,"logger":"fallback-logger","caller":"logging/config.go:69","msg":"Fetch GitHub commit ID from kodata failed: open /var/run/ko/HEAD: no such file or directory"}
{"level":"info","ts":1593682456.2316542,"logger":"fallback-logger","caller":"bash/main.go:64","msg":"Successfully executed command \"sh -c mkdir -p /workspace/source\"; output "}

Showing logs for build [32mnervosnetwork-muta-pr-331-pr-bu-dq9wd-2[0m stage [32mfrom-build-pack[0m and container [32mstep-place-tools[0m

Showing logs for build [32mnervosnetwork-muta-pr-331-pr-bu-dq9wd-2[0m stage [32mfrom-build-pack[0m and container [32mstep-git-source-nervosnetwork-muta-pr-331-pr-bu-dq9wd-h5f4x[0m
{"level":"info","ts":1593682516.3522704,"logger":"fallback-logger","caller":"logging/config.go:69","msg":"Fetch GitHub commit ID from kodata failed: open /var/run/ko/refs/heads/0.8.0-ns-support: no such file or directory"}
{"level":"info","ts":1593682518.724215,"logger":"fallback-logger","caller":"git/git.go:103","msg":"Successfully cloned https://github.com/nervosnetwork/muta.git @ master in path /workspace/source"}

Showing logs for build [32mnervosnetwork-muta-pr-331-pr-bu-dq9wd-2[0m stage [32mfrom-build-pack[0m and container [32mstep-setup-builder-home[0m

Showing logs for build [32mnervosnetwork-muta-pr-331-pr-bu-dq9wd-2[0m stage [32mfrom-build-pack[0m and container [32mstep-git-merge[0m
Using SHAs from PULL_REFS=master:cdf4a1c91856528f8064d6c81d36ee765dee6752,331:a638ee379fdfc64453f8e555aea8e9cbe86e168c
DEBUG: LC_ALL=C JX_LOG_LEVEL=error git fetch origin --unshallow a638ee379fdfc64453f8e555aea8e9cbe86e168c: cdf4a1c91856528f8064d6c81d36ee765dee6752:
DEBUG: ran git fetch --unshallow origin a638ee379fdfc64453f8e555aea8e9cbe86e168c: cdf4a1c91856528f8064d6c81d36ee765dee6752: in 
DEBUG: JX_LOG_LEVEL=error LC_ALL=C git branch
DEBUG: LC_ALL=C JX_LOG_LEVEL=error git checkout master
DEBUG: ran git checkout master in 
DEBUG: JX_LOG_LEVEL=error LC_ALL=C git reset --hard cdf4a1c91856528f8064d6c81d36ee765dee6752
DEBUG: ran git reset --hard cdf4a1c91856528f8064d6c81d36ee765dee6752 in 
DEBUG: LC_ALL=C JX_LOG_LEVEL=error git clean -fd .
DEBUG: ran clean --force -d . in 
DEBUG: LC_ALL=C JX_LOG_LEVEL=error git merge a638ee379fdfc64453f8e555aea8e9cbe86e168c
DEBUG: ran git merge a638ee379fdfc64453f8e555aea8e9cbe86e168c in 
DEBUG: LC_ALL=C JX_LOG_LEVEL=error git log --format=%H%x1f%an%x1f%ae%x1f%cn%x1f%ce%x1f%s%n%b%x1e cdf4a1c91856528f8064d6c81d36ee765dee6752..HEAD
Merged SHA 50f1afe58cb327dfbb92fea6c25357caf414a4e0 with commit message 'Merge commit 'a638ee379fdfc64453f8e555aea8e9cbe86e168c'' into base branch master
Merged SHA a638ee379fdfc64453f8e555aea8e9cbe86e168c with commit message 'chore(ci): add grcov action config file' into base branch master
Merged SHA 16fed18f7ab8b3131244a2ddcc754728d042bf08 with commit message 'chore(ci): skip action if commit head contains 'skip ci'' into base branch master
Merged SHA 023315dc4d68f9b212e6e05ef6e350dc0361a5a4 with commit message 'fix(ci): remove yml setting in codecov action' into base branch master
Merged SHA fe93a8451bd0ccb24e1ad72e07b8a8f84571f3c9 with commit message 'chore(ci): change from tarpaulin to grcov' into base branch master
Merged SHA a65e1dfeda96ecb5cf8efe4dfb9e4286aa4dfce4 with commit message 'chore(ci): add codecov action' into base branch master

Showing logs for build [32mnervosnetwork-muta-pr-331-pr-bu-dq9wd-2[0m stage [32mfrom-build-pack[0m and container [32mstep-build-rustup[0m
info: syncing channel updates for 'nightly-x86_64-unknown-linux-gnu'
info: latest update on 2020-07-02, rust version 1.46.0-nightly (f781babf8 2020-07-01)
info: downloading component 'cargo'
info: downloading component 'clippy'
info: downloading component 'rust-docs'
info: downloading component 'rust-std'
info: downloading component 'rustc'
info: downloading component 'rustfmt'
info: installing component 'cargo'
info: installing component 'clippy'
info: installing component 'rust-docs'
info: installing component 'rust-std'
info: installing component 'rustc'
info: installing component 'rustfmt'
info: override toolchain for '/workspace/source' set to 'nightly-x86_64-unknown-linux-gnu'

  nightly-x86_64-unknown-linux-gnu installed - rustc 1.46.0-nightly (f781babf8 2020-07-01)


Showing logs for build [32mnervosnetwork-muta-pr-331-pr-bu-dq9wd-2[0m stage [32mfrom-build-pack[0m and container [32mstep-build-cargo-install[0m
error: Using `cargo install` to install the binaries for the package in current working directory is no longer supported, use `cargo install --path .` instead. Use `cargo build` if you want to simply build the package.
[31m
Pipeline failed on stage 'from-build-pack' : container 'step-build-cargo-install'. The execution of the pipeline has stopped.[0m
